2023-10-05 05:26:47:2647 [32minfo[39m: Connected to mongo database successfully!
2023-10-05 05:26:47:2647 [32minfo[39m: App listening on port 3000
2023-10-05 05:26:59:2659 [32minfo[39m: Connected to mongo database successfully!
2023-10-05 05:26:59:2659 [32minfo[39m: App listening on port 3000
2023-10-05 05:27:07:277 [32minfo[39m: Connected to mongo database successfully!
2023-10-05 05:27:07:277 [32minfo[39m: App listening on port 3000
2023-10-05 05:27:20:2720 [32minfo[39m: Connected to mongo database successfully!
2023-10-05 05:27:20:2720 [32minfo[39m: App listening on port 3000
2023-10-05 05:27:21:2721 [32minfo[39m: Connected to mongo database successfully!
2023-10-05 05:27:21:2721 [32minfo[39m: App listening on port 3000
2023-10-05 05:27:51:2751 [35mhttp[39m:  [96mRequest: [93mPOST [97m/users [90mat [37mThu Oct 05 2023 05:27:51 GMT+0700, [90mIP: [37m::1[0m, [90mUser Agent: PostmanRuntime/7.32.3[0m 
2023-10-05 05:27:51:2751 [35mhttp[39m: [95mRequest Body:[0m [97m{"name":"mam","surname":"lab","age":24}[0m 
2023-10-05 05:27:51:2751 [35mhttp[39m: [96mResponse: [33m404 [37m15.709 ms  
2023-10-05 05:28:18:2818 [35mhttp[39m:  [96mRequest: [93mPOST [97m/employee [90mat [37mThu Oct 05 2023 05:28:18 GMT+0700, [90mIP: [37m::1[0m, [90mUser Agent: PostmanRuntime/7.32.3[0m 
2023-10-05 05:28:18:2818 [35mhttp[39m: [95mRequest Body:[0m [97m{"name":"mam","surname":"lab","age":24}[0m 
2023-10-05 05:28:18:2818 [35mhttp[39m: [96mResponse: [33m404 [37m2.410 ms  
2023-10-05 05:29:27:2927 [31merror[39m: {"status":500,"success":false,"message":"employee is already exist.","stack":"Error: employee is already exist.\n    at Function.<anonymous> (/Users/mammothz/Desktop/VSCode/company_test/datapro-backend/src/services/employee.ts:38:15)\n    at Generator.next (<anonymous>)\n    at fulfilled (/Users/mammothz/Desktop/VSCode/company_test/datapro-backend/src/services/employee.ts:5:58)\n    at processTicksAndRejections (node:internal/process/task_queues:95:5)","payload":"unknown","code":"unknown"}
2023-10-05 05:29:27:2927 [35mhttp[39m:  [96mRequest: [93mPOST [97m/api/employee [90mat [37mThu Oct 05 2023 05:29:27 GMT+0700, [90mIP: [37m::1[0m, [90mUser Agent: PostmanRuntime/7.32.3[0m 
2023-10-05 05:29:27:2927 [35mhttp[39m: [95mRequest Body:[0m [97m{"name":"mam","surname":"lab","age":24}[0m 
2023-10-05 05:29:27:2927 [35mhttp[39m: [95mResponse Body:[0m [97m{"status":400,"success":false,"message":"employee[0m [97mis[0m [97malready[0m [97mexist.","stack":"Error:[0m [97memployee[0m [97mis[0m [97malready[0m [97mexist.\n[0m [97m[0m [97m[0m [97m[0m [97mat[0m [97mFunction.<anonymous>[0m [97m(/Users/mammothz/Desktop/VSCode/company_test/datapro-backend/src/services/employee.ts:38:15)\n[0m [97m[0m [97m[0m [97m[0m [97mat[0m [97mGenerator.next[0m [97m(<anonymous>)\n[0m [97m[0m [97m[0m [97m[0m [97mat[0m [97mfulfilled[0m [97m(/Users/mammothz/Desktop/VSCode/company_test/datapro-backend/src/services/employee.ts:5:58)\n[0m [97m[0m [97m[0m [97m[0m [97mat[0m [97mprocessTicksAndRejections[0m [97m(node:internal/process/task_queues:95:5)"}[0m 
2023-10-05 05:29:27:2927 [35mhttp[39m: [96mResponse: [31m500 [37m50.597 ms  
2023-10-05 05:29:52:2952 [32minfo[39m: Connected to mongo database successfully!
2023-10-05 05:29:52:2952 [32minfo[39m: App listening on port 3000
2023-10-05 05:31:02:312 [35mhttp[39m:  [96mRequest: [93mDELETE [97m/users/3 [90mat [37mThu Oct 05 2023 05:31:02 GMT+0700, [90mIP: [37m::1[0m, [90mUser Agent: PostmanRuntime/7.32.3[0m 
2023-10-05 05:31:02:312 [35mhttp[39m: [96mResponse: [33m404 [37m3.025 ms  
2023-10-05 05:31:14:3114 [35mhttp[39m:  [96mRequest: [93mDELETE [97m/api/employee/3 [90mat [37mThu Oct 05 2023 05:31:14 GMT+0700, [90mIP: [37m::1[0m, [90mUser Agent: PostmanRuntime/7.32.3[0m 
2023-10-05 05:31:14:3114 [35mhttp[39m: [96mResponse: [33m404 [37m2.123 ms  
2023-10-05 05:31:30:3130 [35mhttp[39m:  [96mRequest: [93mDELETE [97m/api/employee/2 [90mat [37mThu Oct 05 2023 05:31:30 GMT+0700, [90mIP: [37m::1[0m, [90mUser Agent: PostmanRuntime/7.32.3[0m 
2023-10-05 05:31:30:3130 [35mhttp[39m: [96mResponse: [33m404 [37m2.667 ms  
2023-10-05 05:31:58:3158 [32minfo[39m: Connected to mongo database successfully!
2023-10-05 05:31:58:3158 [32minfo[39m: App listening on port 3000
2023-10-05 05:32:01:321 [35mhttp[39m:  [96mRequest: [93mDELETE [97m/api/employee/2 [90mat [37mThu Oct 05 2023 05:32:01 GMT+0700, [90mIP: [37m::1[0m, [90mUser Agent: PostmanRuntime/7.32.3[0m 
2023-10-05 05:32:01:321 [35mhttp[39m: [95mResponse Body:[0m [97m{"status":200,"payload":{"id":1,"name":"mam","surname":"lab","age":24,"createdAt":"2023-10-04T10:57:46.433Z","updatedAt":"2023-10-04T10:57:46.433Z","deletedAt":null}}[0m 
2023-10-05 05:32:01:321 [35mhttp[39m: [96mResponse: [32m200 [37m19.241 ms  
2023-10-05 05:34:02:342 [32minfo[39m: Connected to mongo database successfully!
2023-10-05 05:34:02:342 [32minfo[39m: App listening on port 3000
2023-10-05 05:34:02:342 [31merror[39m: {"status":500,"success":false,"message":"(intermediate value) is not iterable","stack":"TypeError: (intermediate value) is not iterable\n    at /Users/mammothz/Desktop/VSCode/company_test/datapro-backend/src/controllers/EmployeeController.ts:60:25\n    at Generator.next (<anonymous>)\n    at fulfilled (/Users/mammothz/Desktop/VSCode/company_test/datapro-backend/src/controllers/EmployeeController.ts:5:58)\n    at processTicksAndRejections (node:internal/process/task_queues:95:5)","payload":"unknown","code":"unknown"}
2023-10-05 05:34:02:342 [35mhttp[39m:  [96mRequest: [93mDELETE [97m/api/employee/2 [90mat [37mThu Oct 05 2023 05:34:02 GMT+0700, [90mIP: [37m::1[0m, [90mUser Agent: PostmanRuntime/7.32.3[0m 
2023-10-05 05:34:02:342 [35mhttp[39m: [95mResponse Body:[0m [97m{"status":400,"success":false,"message":"(intermediate[0m [97mvalue)[0m [97mis[0m [97mnot[0m [97miterable","stack":"TypeError:[0m [97m(intermediate[0m [97mvalue)[0m [97mis[0m [97mnot[0m [97miterable\n[0m [97m[0m [97m[0m [97m[0m [97mat[0m [97m/Users/mammothz/Desktop/VSCode/company_test/datapro-backend/src/controllers/EmployeeController.ts:60:25\n[0m [97m[0m [97m[0m [97m[0m [97mat[0m [97mGenerator.next[0m [97m(<anonymous>)\n[0m [97m[0m [97m[0m [97m[0m [97mat[0m [97mfulfilled[0m [97m(/Users/mammothz/Desktop/VSCode/company_test/datapro-backend/src/controllers/EmployeeController.ts:5:58)\n[0m [97m[0m [97m[0m [97m[0m [97mat[0m [97mprocessTicksAndRejections[0m [97m(node:internal/process/task_queues:95:5)"}[0m 
2023-10-05 05:34:02:342 [35mhttp[39m: [96mResponse: [31m500 [37m34.735 ms  
2023-10-05 05:43:12:4312 [31merror[39m: {"status":500,"success":false,"message":"(intermediate value) is not iterable","stack":"TypeError: (intermediate value) is not iterable\n    at /Users/mammothz/Desktop/VSCode/company_test/datapro-backend/src/controllers/EmployeeController.ts:60:25\n    at Generator.next (<anonymous>)\n    at fulfilled (/Users/mammothz/Desktop/VSCode/company_test/datapro-backend/src/controllers/EmployeeController.ts:5:58)\n    at processTicksAndRejections (node:internal/process/task_queues:95:5)","payload":"unknown","code":"unknown"}
2023-10-05 05:43:12:4312 [35mhttp[39m:  [96mRequest: [93mDELETE [97m/api/employee/1 [90mat [37mThu Oct 05 2023 05:43:12 GMT+0700, [90mIP: [37m::1[0m, [90mUser Agent: PostmanRuntime/7.32.3[0m 
2023-10-05 05:43:12:4312 [35mhttp[39m: [95mResponse Body:[0m [97m{"status":400,"success":false,"message":"(intermediate[0m [97mvalue)[0m [97mis[0m [97mnot[0m [97miterable","stack":"TypeError:[0m [97m(intermediate[0m [97mvalue)[0m [97mis[0m [97mnot[0m [97miterable\n[0m [97m[0m [97m[0m [97m[0m [97mat[0m [97m/Users/mammothz/Desktop/VSCode/company_test/datapro-backend/src/controllers/EmployeeController.ts:60:25\n[0m [97m[0m [97m[0m [97m[0m [97mat[0m [97mGenerator.next[0m [97m(<anonymous>)\n[0m [97m[0m [97m[0m [97m[0m [97mat[0m [97mfulfilled[0m [97m(/Users/mammothz/Desktop/VSCode/company_test/datapro-backend/src/controllers/EmployeeController.ts:5:58)\n[0m [97m[0m [97m[0m [97m[0m [97mat[0m [97mprocessTicksAndRejections[0m [97m(node:internal/process/task_queues:95:5)"}[0m 
2023-10-05 05:43:12:4312 [35mhttp[39m: [96mResponse: [31m500 [37m57.881 ms  
2023-10-05 05:43:24:4324 [35mhttp[39m:  [96mRequest: [93mPOST [97m/api/employee [90mat [37mThu Oct 05 2023 05:43:24 GMT+0700, [90mIP: [37m::1[0m, [90mUser Agent: PostmanRuntime/7.32.3[0m 
2023-10-05 05:43:24:4324 [35mhttp[39m: [95mRequest Body:[0m [97m{"name":"mam","surname":"lab","age":24,"deletedAt":null,"id":3,"createdAt":"2023-10-04T15:43:24.595Z","updatedAt":"2023-10-04T15:43:24.595Z"}[0m 
2023-10-05 05:43:24:4324 [35mhttp[39m: [95mResponse Body:[0m [97m{"status":200,"message":"create[0m [97memployee[0m [97msuccess"}[0m 
2023-10-05 05:43:24:4324 [35mhttp[39m: [96mResponse: [32m200 [37m50.810 ms  
2023-10-05 05:43:33:4333 [31merror[39m: {"status":500,"success":false,"message":"employee doesn't exist.","stack":"Error: employee doesn't exist.\n    at Function.<anonymous> (/Users/mammothz/Desktop/VSCode/company_test/datapro-backend/src/services/employee.ts:51:15)\n    at Generator.next (<anonymous>)\n    at fulfilled (/Users/mammothz/Desktop/VSCode/company_test/datapro-backend/src/services/employee.ts:5:58)\n    at processTicksAndRejections (node:internal/process/task_queues:95:5)","payload":"unknown","code":"unknown"}
2023-10-05 05:43:33:4333 [35mhttp[39m:  [96mRequest: [93mDELETE [97m/api/employee/1 [90mat [37mThu Oct 05 2023 05:43:33 GMT+0700, [90mIP: [37m::1[0m, [90mUser Agent: PostmanRuntime/7.32.3[0m 
2023-10-05 05:43:33:4333 [35mhttp[39m: [95mResponse Body:[0m [97m{"status":400,"success":false,"message":"employee[0m [97mdoesn't[0m [97mexist.","stack":"Error:[0m [97memployee[0m [97mdoesn't[0m [97mexist.\n[0m [97m[0m [97m[0m [97m[0m [97mat[0m [97mFunction.<anonymous>[0m [97m(/Users/mammothz/Desktop/VSCode/company_test/datapro-backend/src/services/employee.ts:51:15)\n[0m [97m[0m [97m[0m [97m[0m [97mat[0m [97mGenerator.next[0m [97m(<anonymous>)\n[0m [97m[0m [97m[0m [97m[0m [97mat[0m [97mfulfilled[0m [97m(/Users/mammothz/Desktop/VSCode/company_test/datapro-backend/src/services/employee.ts:5:58)\n[0m [97m[0m [97m[0m [97m[0m [97mat[0m [97mprocessTicksAndRejections[0m [97m(node:internal/process/task_queues:95:5)"}[0m 
2023-10-05 05:43:33:4333 [35mhttp[39m: [96mResponse: [31m500 [37m11.570 ms  
2023-10-05 05:43:46:4346 [31merror[39m: {"status":500,"success":false,"message":"(intermediate value) is not iterable","stack":"TypeError: (intermediate value) is not iterable\n    at /Users/mammothz/Desktop/VSCode/company_test/datapro-backend/src/controllers/EmployeeController.ts:60:25\n    at Generator.next (<anonymous>)\n    at fulfilled (/Users/mammothz/Desktop/VSCode/company_test/datapro-backend/src/controllers/EmployeeController.ts:5:58)\n    at processTicksAndRejections (node:internal/process/task_queues:95:5)","payload":"unknown","code":"unknown"}
2023-10-05 05:43:46:4346 [35mhttp[39m:  [96mRequest: [93mDELETE [97m/api/employee/3 [90mat [37mThu Oct 05 2023 05:43:46 GMT+0700, [90mIP: [37m::1[0m, [90mUser Agent: PostmanRuntime/7.32.3[0m 
2023-10-05 05:43:46:4346 [35mhttp[39m: [95mResponse Body:[0m [97m{"status":400,"success":false,"message":"(intermediate[0m [97mvalue)[0m [97mis[0m [97mnot[0m [97miterable","stack":"TypeError:[0m [97m(intermediate[0m [97mvalue)[0m [97mis[0m [97mnot[0m [97miterable\n[0m [97m[0m [97m[0m [97m[0m [97mat[0m [97m/Users/mammothz/Desktop/VSCode/company_test/datapro-backend/src/controllers/EmployeeController.ts:60:25\n[0m [97m[0m [97m[0m [97m[0m [97mat[0m [97mGenerator.next[0m [97m(<anonymous>)\n[0m [97m[0m [97m[0m [97m[0m [97mat[0m [97mfulfilled[0m [97m(/Users/mammothz/Desktop/VSCode/company_test/datapro-backend/src/controllers/EmployeeController.ts:5:58)\n[0m [97m[0m [97m[0m [97m[0m [97mat[0m [97mprocessTicksAndRejections[0m [97m(node:internal/process/task_queues:95:5)"}[0m 
2023-10-05 05:43:46:4346 [35mhttp[39m: [96mResponse: [31m500 [37m37.518 ms  
2023-10-05 05:46:12:4612 [32minfo[39m: Connected to mongo database successfully!
2023-10-05 05:46:12:4612 [32minfo[39m: App listening on port 3000
2023-10-05 05:46:17:4617 [31merror[39m: {"status":500,"success":false,"message":"employee doesn't exist.","stack":"Error: employee doesn't exist.\n    at Function.<anonymous> (/Users/mammothz/Desktop/VSCode/company_test/datapro-backend/src/services/employee.ts:51:15)\n    at Generator.next (<anonymous>)\n    at fulfilled (/Users/mammothz/Desktop/VSCode/company_test/datapro-backend/src/services/employee.ts:5:58)\n    at processTicksAndRejections (node:internal/process/task_queues:95:5)","payload":"unknown","code":"unknown"}
2023-10-05 05:46:17:4617 [35mhttp[39m:  [96mRequest: [93mDELETE [97m/api/employee/3 [90mat [37mThu Oct 05 2023 05:46:17 GMT+0700, [90mIP: [37m::1[0m, [90mUser Agent: PostmanRuntime/7.32.3[0m 
2023-10-05 05:46:17:4617 [35mhttp[39m: [95mResponse Body:[0m [97m{"status":400,"success":false,"message":"employee[0m [97mdoesn't[0m [97mexist.","stack":"Error:[0m [97memployee[0m [97mdoesn't[0m [97mexist.\n[0m [97m[0m [97m[0m [97m[0m [97mat[0m [97mFunction.<anonymous>[0m [97m(/Users/mammothz/Desktop/VSCode/company_test/datapro-backend/src/services/employee.ts:51:15)\n[0m [97m[0m [97m[0m [97m[0m [97mat[0m [97mGenerator.next[0m [97m(<anonymous>)\n[0m [97m[0m [97m[0m [97m[0m [97mat[0m [97mfulfilled[0m [97m(/Users/mammothz/Desktop/VSCode/company_test/datapro-backend/src/services/employee.ts:5:58)\n[0m [97m[0m [97m[0m [97m[0m [97mat[0m [97mprocessTicksAndRejections[0m [97m(node:internal/process/task_queues:95:5)"}[0m 
2023-10-05 05:46:17:4617 [35mhttp[39m: [96mResponse: [31m500 [37m36.981 ms  
2023-10-05 05:46:24:4624 [35mhttp[39m:  [96mRequest: [93mPOST [97m/api/employee [90mat [37mThu Oct 05 2023 05:46:24 GMT+0700, [90mIP: [37m::1[0m, [90mUser Agent: PostmanRuntime/7.32.3[0m 
2023-10-05 05:46:24:4624 [35mhttp[39m: [95mRequest Body:[0m [97m{"name":"mam","surname":"lab","age":24,"deletedAt":null,"id":4,"createdAt":"2023-10-04T15:46:24.647Z","updatedAt":"2023-10-04T15:46:24.647Z"}[0m 
2023-10-05 05:46:24:4624 [35mhttp[39m: [95mResponse Body:[0m [97m{"status":200,"message":"create[0m [97memployee[0m [97msuccess"}[0m 
2023-10-05 05:46:24:4624 [35mhttp[39m: [96mResponse: [32m200 [37m63.809 ms  
2023-10-05 05:46:26:4626 [31merror[39m: {"status":500,"success":false,"message":"employee is already exist.","stack":"Error: employee is already exist.\n    at Function.<anonymous> (/Users/mammothz/Desktop/VSCode/company_test/datapro-backend/src/services/employee.ts:38:15)\n    at Generator.next (<anonymous>)\n    at fulfilled (/Users/mammothz/Desktop/VSCode/company_test/datapro-backend/src/services/employee.ts:5:58)\n    at processTicksAndRejections (node:internal/process/task_queues:95:5)","payload":"unknown","code":"unknown"}
2023-10-05 05:46:26:4626 [35mhttp[39m:  [96mRequest: [93mPOST [97m/api/employee [90mat [37mThu Oct 05 2023 05:46:26 GMT+0700, [90mIP: [37m::1[0m, [90mUser Agent: PostmanRuntime/7.32.3[0m 
2023-10-05 05:46:26:4626 [35mhttp[39m: [95mRequest Body:[0m [97m{"name":"mam","surname":"lab","age":24}[0m 
2023-10-05 05:46:26:4626 [35mhttp[39m: [95mResponse Body:[0m [97m{"status":400,"success":false,"message":"employee[0m [97mis[0m [97malready[0m [97mexist.","stack":"Error:[0m [97memployee[0m [97mis[0m [97malready[0m [97mexist.\n[0m [97m[0m [97m[0m [97m[0m [97mat[0m [97mFunction.<anonymous>[0m [97m(/Users/mammothz/Desktop/VSCode/company_test/datapro-backend/src/services/employee.ts:38:15)\n[0m [97m[0m [97m[0m [97m[0m [97mat[0m [97mGenerator.next[0m [97m(<anonymous>)\n[0m [97m[0m [97m[0m [97m[0m [97mat[0m [97mfulfilled[0m [97m(/Users/mammothz/Desktop/VSCode/company_test/datapro-backend/src/services/employee.ts:5:58)\n[0m [97m[0m [97m[0m [97m[0m [97mat[0m [97mprocessTicksAndRejections[0m [97m(node:internal/process/task_queues:95:5)"}[0m 
2023-10-05 05:46:26:4626 [35mhttp[39m: [96mResponse: [31m500 [37m11.830 ms  
2023-10-05 05:46:35:4635 [31merror[39m: {"status":500,"success":false,"message":"(intermediate value) is not iterable","stack":"TypeError: (intermediate value) is not iterable\n    at /Users/mammothz/Desktop/VSCode/company_test/datapro-backend/src/controllers/EmployeeController.ts:60:25\n    at Generator.next (<anonymous>)\n    at fulfilled (/Users/mammothz/Desktop/VSCode/company_test/datapro-backend/src/controllers/EmployeeController.ts:5:58)\n    at processTicksAndRejections (node:internal/process/task_queues:95:5)","payload":"unknown","code":"unknown"}
2023-10-05 05:46:35:4635 [35mhttp[39m:  [96mRequest: [93mDELETE [97m/api/employee/4 [90mat [37mThu Oct 05 2023 05:46:35 GMT+0700, [90mIP: [37m::1[0m, [90mUser Agent: PostmanRuntime/7.32.3[0m 
2023-10-05 05:46:35:4635 [35mhttp[39m: [95mResponse Body:[0m [97m{"status":400,"success":false,"message":"(intermediate[0m [97mvalue)[0m [97mis[0m [97mnot[0m [97miterable","stack":"TypeError:[0m [97m(intermediate[0m [97mvalue)[0m [97mis[0m [97mnot[0m [97miterable\n[0m [97m[0m [97m[0m [97m[0m [97mat[0m [97m/Users/mammothz/Desktop/VSCode/company_test/datapro-backend/src/controllers/EmployeeController.ts:60:25\n[0m [97m[0m [97m[0m [97m[0m [97mat[0m [97mGenerator.next[0m [97m(<anonymous>)\n[0m [97m[0m [97m[0m [97m[0m [97mat[0m [97mfulfilled[0m [97m(/Users/mammothz/Desktop/VSCode/company_test/datapro-backend/src/controllers/EmployeeController.ts:5:58)\n[0m [97m[0m [97m[0m [97m[0m [97mat[0m [97mprocessTicksAndRejections[0m [97m(node:internal/process/task_queues:95:5)"}[0m 
2023-10-05 05:46:35:4635 [35mhttp[39m: [96mResponse: [31m500 [37m64.803 ms  
2023-10-05 05:50:52:5052 [32minfo[39m: Connected to mongo database successfully!
2023-10-05 05:50:52:5052 [32minfo[39m: App listening on port 3000
2023-10-05 05:50:55:5055 [35mhttp[39m:  [96mRequest: [93mPOST [97m/api/employee [90mat [37mThu Oct 05 2023 05:50:55 GMT+0700, [90mIP: [37m::1[0m, [90mUser Agent: PostmanRuntime/7.32.3[0m 
2023-10-05 05:50:55:5055 [35mhttp[39m: [95mRequest Body:[0m [97m{"name":"mam","surname":"lab","age":24,"deletedAt":null,"id":5,"createdAt":"2023-10-04T15:50:55.692Z","updatedAt":"2023-10-04T15:50:55.692Z"}[0m 
2023-10-05 05:50:55:5055 [35mhttp[39m: [95mResponse Body:[0m [97m{"status":200,"message":"create[0m [97memployee[0m [97msuccess"}[0m 
2023-10-05 05:50:55:5055 [35mhttp[39m: [96mResponse: [32m200 [37m52.708 ms  
2023-10-05 05:50:59:5059 [31merror[39m: {"status":500,"success":false,"message":"(intermediate value) is not iterable","stack":"TypeError: (intermediate value) is not iterable\n    at /Users/mammothz/Desktop/VSCode/company_test/datapro-backend/src/controllers/EmployeeController.ts:60:25\n    at Generator.next (<anonymous>)\n    at fulfilled (/Users/mammothz/Desktop/VSCode/company_test/datapro-backend/src/controllers/EmployeeController.ts:5:58)\n    at processTicksAndRejections (node:internal/process/task_queues:95:5)","payload":"unknown","code":"unknown"}
2023-10-05 05:50:59:5059 [35mhttp[39m:  [96mRequest: [93mDELETE [97m/api/employee/5 [90mat [37mThu Oct 05 2023 05:50:59 GMT+0700, [90mIP: [37m::1[0m, [90mUser Agent: PostmanRuntime/7.32.3[0m 
2023-10-05 05:50:59:5059 [35mhttp[39m: [95mResponse Body:[0m [97m{"status":400,"success":false,"message":"(intermediate[0m [97mvalue)[0m [97mis[0m [97mnot[0m [97miterable","stack":"TypeError:[0m [97m(intermediate[0m [97mvalue)[0m [97mis[0m [97mnot[0m [97miterable\n[0m [97m[0m [97m[0m [97m[0m [97mat[0m [97m/Users/mammothz/Desktop/VSCode/company_test/datapro-backend/src/controllers/EmployeeController.ts:60:25\n[0m [97m[0m [97m[0m [97m[0m [97mat[0m [97mGenerator.next[0m [97m(<anonymous>)\n[0m [97m[0m [97m[0m [97m[0m [97mat[0m [97mfulfilled[0m [97m(/Users/mammothz/Desktop/VSCode/company_test/datapro-backend/src/controllers/EmployeeController.ts:5:58)\n[0m [97m[0m [97m[0m [97m[0m [97mat[0m [97mprocessTicksAndRejections[0m [97m(node:internal/process/task_queues:95:5)"}[0m 
2023-10-05 05:50:59:5059 [35mhttp[39m: [96mResponse: [31m500 [37m50.688 ms  
2023-10-05 05:51:27:5127 [32minfo[39m: Connected to mongo database successfully!
2023-10-05 05:51:27:5127 [32minfo[39m: App listening on port 3000
2023-10-05 05:51:28:5128 [31merror[39m: {"status":500,"success":false,"message":"employee doesn't exist.","stack":"Error: employee doesn't exist.\n    at Function.<anonymous> (/Users/mammothz/Desktop/VSCode/company_test/datapro-backend/src/services/employee.ts:51:15)\n    at Generator.next (<anonymous>)\n    at fulfilled (/Users/mammothz/Desktop/VSCode/company_test/datapro-backend/src/services/employee.ts:5:58)\n    at processTicksAndRejections (node:internal/process/task_queues:95:5)","payload":"unknown","code":"unknown"}
2023-10-05 05:51:28:5128 [35mhttp[39m:  [96mRequest: [93mDELETE [97m/api/employee/5 [90mat [37mThu Oct 05 2023 05:51:28 GMT+0700, [90mIP: [37m::1[0m, [90mUser Agent: PostmanRuntime/7.32.3[0m 
2023-10-05 05:51:28:5128 [35mhttp[39m: [95mResponse Body:[0m [97m{"status":400,"success":false,"message":"employee[0m [97mdoesn't[0m [97mexist.","stack":"Error:[0m [97memployee[0m [97mdoesn't[0m [97mexist.\n[0m [97m[0m [97m[0m [97m[0m [97mat[0m [97mFunction.<anonymous>[0m [97m(/Users/mammothz/Desktop/VSCode/company_test/datapro-backend/src/services/employee.ts:51:15)\n[0m [97m[0m [97m[0m [97m[0m [97mat[0m [97mGenerator.next[0m [97m(<anonymous>)\n[0m [97m[0m [97m[0m [97m[0m [97mat[0m [97mfulfilled[0m [97m(/Users/mammothz/Desktop/VSCode/company_test/datapro-backend/src/services/employee.ts:5:58)\n[0m [97m[0m [97m[0m [97m[0m [97mat[0m [97mprocessTicksAndRejections[0m [97m(node:internal/process/task_queues:95:5)"}[0m 
2023-10-05 05:51:28:5128 [35mhttp[39m: [96mResponse: [31m500 [37m27.259 ms  
2023-10-05 05:51:31:5131 [35mhttp[39m:  [96mRequest: [93mPOST [97m/api/employee [90mat [37mThu Oct 05 2023 05:51:31 GMT+0700, [90mIP: [37m::1[0m, [90mUser Agent: PostmanRuntime/7.32.3[0m 
2023-10-05 05:51:31:5131 [35mhttp[39m: [95mRequest Body:[0m [97m{"name":"mam","surname":"lab","age":24,"deletedAt":null,"id":6,"createdAt":"2023-10-04T15:51:31.673Z","updatedAt":"2023-10-04T15:51:31.673Z"}[0m 
2023-10-05 05:51:31:5131 [35mhttp[39m: [95mResponse Body:[0m [97m{"status":200,"message":"create[0m [97memployee[0m [97msuccess"}[0m 
2023-10-05 05:51:31:5131 [35mhttp[39m: [96mResponse: [32m200 [37m63.126 ms  
2023-10-05 05:51:35:5135 [35mhttp[39m:  [96mRequest: [93mDELETE [97m/api/employee/6 [90mat [37mThu Oct 05 2023 05:51:35 GMT+0700, [90mIP: [37m::1[0m, [90mUser Agent: PostmanRuntime/7.32.3[0m 
2023-10-05 05:51:35:5135 [35mhttp[39m: [95mResponse Body:[0m [97m{"status":200,"message":"employee[0m [97mhas[0m [97mbeen[0m [97mremoved"}[0m 
2023-10-05 05:51:35:5135 [35mhttp[39m: [96mResponse: [32m200 [37m35.995 ms  
2023-10-05 05:51:48:5148 [35mhttp[39m:  [96mRequest: [93mGET [97m/api/employee [90mat [37mThu Oct 05 2023 05:51:48 GMT+0700, [90mIP: [37m::1[0m, [90mUser Agent: PostmanRuntime/7.32.3[0m 
2023-10-05 05:51:48:5148 [35mhttp[39m: [95mResponse Body:[0m [97m{"status":200}[0m 
2023-10-05 05:51:48:5148 [35mhttp[39m: [96mResponse: [32m200 [37m7.578 ms  
2023-10-05 05:53:09:539 [35mhttp[39m:  [96mRequest: [93mGET [97m/api/employee [90mat [37mThu Oct 05 2023 05:53:09 GMT+0700, [90mIP: [37m::1[0m, [90mUser Agent: PostmanRuntime/7.32.3[0m 
2023-10-05 05:53:09:539 [35mhttp[39m: [95mResponse Body:[0m [97m{"status":200}[0m 
2023-10-05 05:53:09:539 [35mhttp[39m: [96mResponse: [32m200 [37m22.335 ms  
2023-10-05 05:53:20:5320 [35mhttp[39m:  [96mRequest: [93mPOST [97m/api/employee [90mat [37mThu Oct 05 2023 05:53:20 GMT+0700, [90mIP: [37m::1[0m, [90mUser Agent: PostmanRuntime/7.32.3[0m 
2023-10-05 05:53:20:5320 [35mhttp[39m: [95mRequest Body:[0m [97m{"name":"mam","surname":"lab","age":24,"deletedAt":null,"id":7,"createdAt":"2023-10-04T15:53:20.202Z","updatedAt":"2023-10-04T15:53:20.202Z"}[0m 
2023-10-05 05:53:20:5320 [35mhttp[39m: [95mResponse Body:[0m [97m{"status":200,"message":"create[0m [97memployee[0m [97msuccess"}[0m 
2023-10-05 05:53:20:5320 [35mhttp[39m: [96mResponse: [32m200 [37m50.971 ms  
2023-10-05 05:53:22:5322 [35mhttp[39m:  [96mRequest: [93mGET [97m/api/employee [90mat [37mThu Oct 05 2023 05:53:22 GMT+0700, [90mIP: [37m::1[0m, [90mUser Agent: PostmanRuntime/7.32.3[0m 
2023-10-05 05:53:22:5322 [35mhttp[39m: [95mResponse Body:[0m [97m{"status":200,"payload":{"id":7,"name":"mam","surname":"lab","age":24,"createdAt":"2023-10-04T15:53:20.202Z","updatedAt":"2023-10-04T15:53:20.202Z","deletedAt":null}}[0m 
2023-10-05 05:53:22:5322 [35mhttp[39m: [96mResponse: [32m200 [37m7.780 ms  
2023-10-05 05:53:50:5350 [31merror[39m: {"status":500,"success":false,"message":"unregistered employee.","stack":"Error: unregistered employee.\n    at Function.<anonymous> (/Users/mammothz/Desktop/VSCode/company_test/datapro-backend/src/services/employee.ts:22:15)\n    at Generator.next (<anonymous>)\n    at fulfilled (/Users/mammothz/Desktop/VSCode/company_test/datapro-backend/src/services/employee.ts:5:58)\n    at processTicksAndRejections (node:internal/process/task_queues:95:5)","payload":"unknown","code":"unknown"}
2023-10-05 05:53:50:5350 [35mhttp[39m:  [96mRequest: [93mGET [97m/api/employee/6 [90mat [37mThu Oct 05 2023 05:53:50 GMT+0700, [90mIP: [37m::1[0m, [90mUser Agent: PostmanRuntime/7.32.3[0m 
2023-10-05 05:53:50:5350 [35mhttp[39m: [95mResponse Body:[0m [97m{"status":400,"success":false,"message":"unregistered[0m [97memployee.","stack":"Error:[0m [97munregistered[0m [97memployee.\n[0m [97m[0m [97m[0m [97m[0m [97mat[0m [97mFunction.<anonymous>[0m [97m(/Users/mammothz/Desktop/VSCode/company_test/datapro-backend/src/services/employee.ts:22:15)\n[0m [97m[0m [97m[0m [97m[0m [97mat[0m [97mGenerator.next[0m [97m(<anonymous>)\n[0m [97m[0m [97m[0m [97m[0m [97mat[0m [97mfulfilled[0m [97m(/Users/mammothz/Desktop/VSCode/company_test/datapro-backend/src/services/employee.ts:5:58)\n[0m [97m[0m [97m[0m [97m[0m [97mat[0m [97mprocessTicksAndRejections[0m [97m(node:internal/process/task_queues:95:5)"}[0m 
2023-10-05 05:53:50:5350 [35mhttp[39m: [96mResponse: [31m500 [37m32.955 ms  
2023-10-05 05:54:01:541 [31merror[39m: {"status":500,"success":false,"message":"(intermediate value) is not iterable","stack":"TypeError: (intermediate value) is not iterable\n    at /Users/mammothz/Desktop/VSCode/company_test/datapro-backend/src/controllers/EmployeeController.ts:22:25\n    at Generator.next (<anonymous>)\n    at fulfilled (/Users/mammothz/Desktop/VSCode/company_test/datapro-backend/src/controllers/EmployeeController.ts:5:58)\n    at processTicksAndRejections (node:internal/process/task_queues:95:5)","payload":"unknown","code":"unknown"}
2023-10-05 05:54:01:541 [35mhttp[39m:  [96mRequest: [93mGET [97m/api/employee/7 [90mat [37mThu Oct 05 2023 05:54:01 GMT+0700, [90mIP: [37m::1[0m, [90mUser Agent: PostmanRuntime/7.32.3[0m 
2023-10-05 05:54:01:541 [35mhttp[39m: [95mResponse Body:[0m [97m{"status":400,"success":false,"message":"(intermediate[0m [97mvalue)[0m [97mis[0m [97mnot[0m [97miterable","stack":"TypeError:[0m [97m(intermediate[0m [97mvalue)[0m [97mis[0m [97mnot[0m [97miterable\n[0m [97m[0m [97m[0m [97m[0m [97mat[0m [97m/Users/mammothz/Desktop/VSCode/company_test/datapro-backend/src/controllers/EmployeeController.ts:22:25\n[0m [97m[0m [97m[0m [97m[0m [97mat[0m [97mGenerator.next[0m [97m(<anonymous>)\n[0m [97m[0m [97m[0m [97m[0m [97mat[0m [97mfulfilled[0m [97m(/Users/mammothz/Desktop/VSCode/company_test/datapro-backend/src/controllers/EmployeeController.ts:5:58)\n[0m [97m[0m [97m[0m [97m[0m [97mat[0m [97mprocessTicksAndRejections[0m [97m(node:internal/process/task_queues:95:5)"}[0m 
2023-10-05 05:54:01:541 [35mhttp[39m: [96mResponse: [31m500 [37m8.825 ms  
2023-10-05 05:54:03:543 [31merror[39m: {"status":500,"success":false,"message":"(intermediate value) is not iterable","stack":"TypeError: (intermediate value) is not iterable\n    at /Users/mammothz/Desktop/VSCode/company_test/datapro-backend/src/controllers/EmployeeController.ts:22:25\n    at Generator.next (<anonymous>)\n    at fulfilled (/Users/mammothz/Desktop/VSCode/company_test/datapro-backend/src/controllers/EmployeeController.ts:5:58)\n    at processTicksAndRejections (node:internal/process/task_queues:95:5)","payload":"unknown","code":"unknown"}
2023-10-05 05:54:03:543 [35mhttp[39m:  [96mRequest: [93mGET [97m/api/employee/7 [90mat [37mThu Oct 05 2023 05:54:03 GMT+0700, [90mIP: [37m::1[0m, [90mUser Agent: PostmanRuntime/7.32.3[0m 
2023-10-05 05:54:03:543 [35mhttp[39m: [95mResponse Body:[0m [97m{"status":400,"success":false,"message":"(intermediate[0m [97mvalue)[0m [97mis[0m [97mnot[0m [97miterable","stack":"TypeError:[0m [97m(intermediate[0m [97mvalue)[0m [97mis[0m [97mnot[0m [97miterable\n[0m [97m[0m [97m[0m [97m[0m [97mat[0m [97m/Users/mammothz/Desktop/VSCode/company_test/datapro-backend/src/controllers/EmployeeController.ts:22:25\n[0m [97m[0m [97m[0m [97m[0m [97mat[0m [97mGenerator.next[0m [97m(<anonymous>)\n[0m [97m[0m [97m[0m [97m[0m [97mat[0m [97mfulfilled[0m [97m(/Users/mammothz/Desktop/VSCode/company_test/datapro-backend/src/controllers/EmployeeController.ts:5:58)\n[0m [97m[0m [97m[0m [97m[0m [97mat[0m [97mprocessTicksAndRejections[0m [97m(node:internal/process/task_queues:95:5)"}[0m 
2023-10-05 05:54:03:543 [35mhttp[39m: [96mResponse: [31m500 [37m9.524 ms  
2023-10-05 05:54:51:5451 [32minfo[39m: Connected to mongo database successfully!
2023-10-05 05:54:51:5451 [32minfo[39m: App listening on port 3000
2023-10-05 05:54:54:5454 [32minfo[39m: Connected to mongo database successfully!
2023-10-05 05:54:54:5454 [32minfo[39m: App listening on port 3000
2023-10-05 05:54:56:5456 [31merror[39m: {"status":500,"success":false,"message":"(intermediate value) is not iterable","stack":"TypeError: (intermediate value) is not iterable\n    at /Users/mammothz/Desktop/VSCode/company_test/datapro-backend/src/controllers/EmployeeController.ts:22:25\n    at Generator.next (<anonymous>)\n    at fulfilled (/Users/mammothz/Desktop/VSCode/company_test/datapro-backend/src/controllers/EmployeeController.ts:5:58)\n    at processTicksAndRejections (node:internal/process/task_queues:95:5)","payload":"unknown","code":"unknown"}
2023-10-05 05:54:56:5456 [35mhttp[39m:  [96mRequest: [93mGET [97m/api/employee/7 [90mat [37mThu Oct 05 2023 05:54:56 GMT+0700, [90mIP: [37m::1[0m, [90mUser Agent: PostmanRuntime/7.32.3[0m 
2023-10-05 05:54:56:5456 [35mhttp[39m: [95mResponse Body:[0m [97m{"status":400,"success":false,"message":"(intermediate[0m [97mvalue)[0m [97mis[0m [97mnot[0m [97miterable","stack":"TypeError:[0m [97m(intermediate[0m [97mvalue)[0m [97mis[0m [97mnot[0m [97miterable\n[0m [97m[0m [97m[0m [97m[0m [97mat[0m [97m/Users/mammothz/Desktop/VSCode/company_test/datapro-backend/src/controllers/EmployeeController.ts:22:25\n[0m [97m[0m [97m[0m [97m[0m [97mat[0m [97mGenerator.next[0m [97m(<anonymous>)\n[0m [97m[0m [97m[0m [97m[0m [97mat[0m [97mfulfilled[0m [97m(/Users/mammothz/Desktop/VSCode/company_test/datapro-backend/src/controllers/EmployeeController.ts:5:58)\n[0m [97m[0m [97m[0m [97m[0m [97mat[0m [97mprocessTicksAndRejections[0m [97m(node:internal/process/task_queues:95:5)"}[0m 
2023-10-05 05:54:56:5456 [35mhttp[39m: [96mResponse: [31m500 [37m30.874 ms  
2023-10-05 05:55:11:5511 [31merror[39m: {"status":500,"success":false,"message":"(intermediate value) is not iterable","stack":"TypeError: (intermediate value) is not iterable\n    at /Users/mammothz/Desktop/VSCode/company_test/datapro-backend/src/controllers/EmployeeController.ts:22:25\n    at Generator.next (<anonymous>)\n    at fulfilled (/Users/mammothz/Desktop/VSCode/company_test/datapro-backend/src/controllers/EmployeeController.ts:5:58)\n    at processTicksAndRejections (node:internal/process/task_queues:95:5)","payload":"unknown","code":"unknown"}
2023-10-05 05:55:11:5511 [35mhttp[39m:  [96mRequest: [93mGET [97m/api/employee/7 [90mat [37mThu Oct 05 2023 05:55:11 GMT+0700, [90mIP: [37m::1[0m, [90mUser Agent: PostmanRuntime/7.32.3[0m 
2023-10-05 05:55:11:5511 [35mhttp[39m: [95mResponse Body:[0m [97m{"status":400,"success":false,"message":"(intermediate[0m [97mvalue)[0m [97mis[0m [97mnot[0m [97miterable","stack":"TypeError:[0m [97m(intermediate[0m [97mvalue)[0m [97mis[0m [97mnot[0m [97miterable\n[0m [97m[0m [97m[0m [97m[0m [97mat[0m [97m/Users/mammothz/Desktop/VSCode/company_test/datapro-backend/src/controllers/EmployeeController.ts:22:25\n[0m [97m[0m [97m[0m [97m[0m [97mat[0m [97mGenerator.next[0m [97m(<anonymous>)\n[0m [97m[0m [97m[0m [97m[0m [97mat[0m [97mfulfilled[0m [97m(/Users/mammothz/Desktop/VSCode/company_test/datapro-backend/src/controllers/EmployeeController.ts:5:58)\n[0m [97m[0m [97m[0m [97m[0m [97mat[0m [97mprocessTicksAndRejections[0m [97m(node:internal/process/task_queues:95:5)"}[0m 
2023-10-05 05:55:11:5511 [35mhttp[39m: [96mResponse: [31m500 [37m32.991 ms  
2023-10-05 05:57:25:5725 [32minfo[39m: Connected to mongo database successfully!
2023-10-05 05:57:25:5725 [32minfo[39m: App listening on port 3000
2023-10-05 05:57:26:5726 [31merror[39m: {"status":500,"success":false,"message":"(intermediate value) is not iterable","stack":"TypeError: (intermediate value) is not iterable\n    at /Users/mammothz/Desktop/VSCode/company_test/datapro-backend/src/controllers/EmployeeController.ts:22:25\n    at Generator.next (<anonymous>)\n    at fulfilled (/Users/mammothz/Desktop/VSCode/company_test/datapro-backend/src/controllers/EmployeeController.ts:5:58)\n    at processTicksAndRejections (node:internal/process/task_queues:95:5)","payload":"unknown","code":"unknown"}
2023-10-05 05:57:26:5726 [35mhttp[39m:  [96mRequest: [93mGET [97m/api/employee/7 [90mat [37mThu Oct 05 2023 05:57:26 GMT+0700, [90mIP: [37m::1[0m, [90mUser Agent: PostmanRuntime/7.32.3[0m 
2023-10-05 05:57:26:5726 [35mhttp[39m: [95mResponse Body:[0m [97m{"status":400,"success":false,"message":"(intermediate[0m [97mvalue)[0m [97mis[0m [97mnot[0m [97miterable","stack":"TypeError:[0m [97m(intermediate[0m [97mvalue)[0m [97mis[0m [97mnot[0m [97miterable\n[0m [97m[0m [97m[0m [97m[0m [97mat[0m [97m/Users/mammothz/Desktop/VSCode/company_test/datapro-backend/src/controllers/EmployeeController.ts:22:25\n[0m [97m[0m [97m[0m [97m[0m [97mat[0m [97mGenerator.next[0m [97m(<anonymous>)\n[0m [97m[0m [97m[0m [97m[0m [97mat[0m [97mfulfilled[0m [97m(/Users/mammothz/Desktop/VSCode/company_test/datapro-backend/src/controllers/EmployeeController.ts:5:58)\n[0m [97m[0m [97m[0m [97m[0m [97mat[0m [97mprocessTicksAndRejections[0m [97m(node:internal/process/task_queues:95:5)"}[0m 
2023-10-05 05:57:26:5726 [35mhttp[39m: [96mResponse: [31m500 [37m33.829 ms  
2023-10-05 06:00:50:050 [32minfo[39m: Connected to mongo database successfully!
2023-10-05 06:00:50:050 [32minfo[39m: App listening on port 3000
2023-10-05 06:00:51:051 [31merror[39m: {"status":500,"success":false,"message":"(intermediate value) is not iterable","stack":"TypeError: (intermediate value) is not iterable\n    at /Users/mammothz/Desktop/VSCode/company_test/datapro-backend/src/controllers/EmployeeController.ts:22:26\n    at Generator.next (<anonymous>)\n    at fulfilled (/Users/mammothz/Desktop/VSCode/company_test/datapro-backend/src/controllers/EmployeeController.ts:5:58)\n    at processTicksAndRejections (node:internal/process/task_queues:95:5)","payload":"unknown","code":"unknown"}
2023-10-05 06:00:51:051 [35mhttp[39m:  [96mRequest: [93mGET [97m/api/employee/7 [90mat [37mThu Oct 05 2023 06:00:51 GMT+0700, [90mIP: [37m::1[0m, [90mUser Agent: PostmanRuntime/7.32.3[0m 
2023-10-05 06:00:51:051 [35mhttp[39m: [95mResponse Body:[0m [97m{"status":400,"success":false,"message":"(intermediate[0m [97mvalue)[0m [97mis[0m [97mnot[0m [97miterable","stack":"TypeError:[0m [97m(intermediate[0m [97mvalue)[0m [97mis[0m [97mnot[0m [97miterable\n[0m [97m[0m [97m[0m [97m[0m [97mat[0m [97m/Users/mammothz/Desktop/VSCode/company_test/datapro-backend/src/controllers/EmployeeController.ts:22:26\n[0m [97m[0m [97m[0m [97m[0m [97mat[0m [97mGenerator.next[0m [97m(<anonymous>)\n[0m [97m[0m [97m[0m [97m[0m [97mat[0m [97mfulfilled[0m [97m(/Users/mammothz/Desktop/VSCode/company_test/datapro-backend/src/controllers/EmployeeController.ts:5:58)\n[0m [97m[0m [97m[0m [97m[0m [97mat[0m [97mprocessTicksAndRejections[0m [97m(node:internal/process/task_queues:95:5)"}[0m 
2023-10-05 06:00:51:051 [35mhttp[39m: [96mResponse: [31m500 [37m33.889 ms  
2023-10-05 06:01:02:12 [32minfo[39m: Connected to mongo database successfully!
2023-10-05 06:01:02:12 [32minfo[39m: App listening on port 3000
2023-10-05 06:01:08:18 [32minfo[39m: Connected to mongo database successfully!
2023-10-05 06:01:08:18 [32minfo[39m: App listening on port 3000
2023-10-05 06:01:12:112 [31merror[39m: {"status":500,"success":false,"message":"(intermediate value) is not iterable","stack":"TypeError: (intermediate value) is not iterable\n    at /Users/mammothz/Desktop/VSCode/company_test/datapro-backend/src/controllers/EmployeeController.ts:22:26\n    at Generator.next (<anonymous>)\n    at fulfilled (/Users/mammothz/Desktop/VSCode/company_test/datapro-backend/src/controllers/EmployeeController.ts:5:58)\n    at processTicksAndRejections (node:internal/process/task_queues:95:5)","payload":"unknown","code":"unknown"}
2023-10-05 06:01:12:112 [35mhttp[39m:  [96mRequest: [93mGET [97m/api/employee/7 [90mat [37mThu Oct 05 2023 06:01:12 GMT+0700, [90mIP: [37m::1[0m, [90mUser Agent: PostmanRuntime/7.32.3[0m 
2023-10-05 06:01:12:112 [35mhttp[39m: [95mResponse Body:[0m [97m{"status":400,"success":false,"message":"(intermediate[0m [97mvalue)[0m [97mis[0m [97mnot[0m [97miterable","stack":"TypeError:[0m [97m(intermediate[0m [97mvalue)[0m [97mis[0m [97mnot[0m [97miterable\n[0m [97m[0m [97m[0m [97m[0m [97mat[0m [97m/Users/mammothz/Desktop/VSCode/company_test/datapro-backend/src/controllers/EmployeeController.ts:22:26\n[0m [97m[0m [97m[0m [97m[0m [97mat[0m [97mGenerator.next[0m [97m(<anonymous>)\n[0m [97m[0m [97m[0m [97m[0m [97mat[0m [97mfulfilled[0m [97m(/Users/mammothz/Desktop/VSCode/company_test/datapro-backend/src/controllers/EmployeeController.ts:5:58)\n[0m [97m[0m [97m[0m [97m[0m [97mat[0m [97mprocessTicksAndRejections[0m [97m(node:internal/process/task_queues:95:5)"}[0m 
2023-10-05 06:01:12:112 [35mhttp[39m: [96mResponse: [31m500 [37m36.008 ms  
2023-10-05 06:02:27:227 [32minfo[39m: Connected to mongo database successfully!
2023-10-05 06:02:27:227 [32minfo[39m: App listening on port 3000
2023-10-05 06:02:28:228 [35mhttp[39m:  [96mRequest: [93mGET [97m/api/employee/7 [90mat [37mThu Oct 05 2023 06:02:28 GMT+0700, [90mIP: [37m::1[0m, [90mUser Agent: PostmanRuntime/7.32.3[0m 
2023-10-05 06:02:28:228 [35mhttp[39m: [95mResponse Body:[0m [97m{"status":200,"payload":{"id":7,"name":"mam","surname":"lab","age":24,"createdAt":"2023-10-04T15:53:20.202Z","updatedAt":"2023-10-04T15:53:20.202Z","deletedAt":null}}[0m 
2023-10-05 06:02:28:228 [35mhttp[39m: [96mResponse: [32m200 [37m28.606 ms  
2023-10-05 06:02:39:239 [32minfo[39m: Connected to mongo database successfully!
2023-10-05 06:02:39:239 [32minfo[39m: App listening on port 3000
2023-10-05 06:02:49:249 [32minfo[39m: Connected to mongo database successfully!
2023-10-05 06:02:49:249 [32minfo[39m: App listening on port 3000
2023-10-05 06:02:58:258 [32minfo[39m: Connected to mongo database successfully!
2023-10-05 06:02:58:258 [32minfo[39m: App listening on port 3000
2023-10-05 06:03:00:30 [32minfo[39m: Connected to mongo database successfully!
2023-10-05 06:03:00:30 [32minfo[39m: App listening on port 3000
2023-10-05 06:03:01:31 [32minfo[39m: Connected to mongo database successfully!
2023-10-05 06:03:01:31 [32minfo[39m: App listening on port 3000
2023-10-05 06:03:04:34 [32minfo[39m: Connected to mongo database successfully!
2023-10-05 06:03:04:34 [32minfo[39m: App listening on port 3000
2023-10-05 06:03:07:37 [32minfo[39m: Connected to mongo database successfully!
2023-10-05 06:03:07:37 [32minfo[39m: App listening on port 3000
2023-10-05 06:03:10:310 [35mhttp[39m:  [96mRequest: [93mGET [97m/api/employee/7 [90mat [37mThu Oct 05 2023 06:03:10 GMT+0700, [90mIP: [37m::1[0m, [90mUser Agent: PostmanRuntime/7.32.3[0m 
2023-10-05 06:03:10:310 [35mhttp[39m: [95mResponse Body:[0m [97m{"status":200,"payload":{"id":7,"name":"mam","surname":"lab","age":24,"createdAt":"2023-10-04T15:53:20.202Z","updatedAt":"2023-10-04T15:53:20.202Z","deletedAt":null}}[0m 
2023-10-05 06:03:10:310 [35mhttp[39m: [96mResponse: [32m200 [37m23.374 ms  
2023-10-05 06:03:21:321 [32minfo[39m: Connected to mongo database successfully!
2023-10-05 06:03:21:321 [32minfo[39m: App listening on port 3000
2023-10-05 06:03:56:356 [32minfo[39m: Connected to mongo database successfully!
2023-10-05 06:03:56:356 [32minfo[39m: App listening on port 3000
2023-10-05 06:04:12:412 [32minfo[39m: Connected to mongo database successfully!
2023-10-05 06:04:12:412 [32minfo[39m: App listening on port 3000
2023-10-05 06:04:19:419 [32minfo[39m: Connected to mongo database successfully!
2023-10-05 06:04:19:419 [32minfo[39m: App listening on port 3000
2023-10-05 06:04:28:428 [32minfo[39m: Connected to mongo database successfully!
2023-10-05 06:04:28:428 [32minfo[39m: App listening on port 3000
2023-10-05 06:04:33:433 [32minfo[39m: Connected to mongo database successfully!
2023-10-05 06:04:33:433 [32minfo[39m: App listening on port 3000
2023-10-05 06:04:35:435 [32minfo[39m: Connected to mongo database successfully!
2023-10-05 06:04:35:435 [32minfo[39m: App listening on port 3000
2023-10-05 06:04:48:448 [32minfo[39m: Connected to mongo database successfully!
2023-10-05 06:04:48:448 [32minfo[39m: App listening on port 3000
2023-10-05 06:04:54:454 [32minfo[39m: Connected to mongo database successfully!
2023-10-05 06:04:55:455 [32minfo[39m: App listening on port 3000
2023-10-05 06:04:59:459 [32minfo[39m: Connected to mongo database successfully!
2023-10-05 06:04:59:459 [32minfo[39m: App listening on port 3000
2023-10-05 06:05:04:54 [32minfo[39m: Connected to mongo database successfully!
2023-10-05 06:05:04:54 [32minfo[39m: App listening on port 3000
2023-10-05 06:07:02:72 [31merror[39m: {"status":500,"success":false,"message":"employee is already exist.","stack":"Error: employee is already exist.\n    at Function.<anonymous> (/Users/mammothz/Desktop/VSCode/company_test/datapro-backend/src/services/employee.ts:39:15)\n    at Generator.next (<anonymous>)\n    at fulfilled (/Users/mammothz/Desktop/VSCode/company_test/datapro-backend/src/services/employee.ts:5:58)\n    at processTicksAndRejections (node:internal/process/task_queues:95:5)","payload":"unknown","code":"unknown"}
2023-10-05 06:07:02:72 [35mhttp[39m:  [96mRequest: [93mPOST [97m/api/employee [90mat [37mThu Oct 05 2023 06:07:02 GMT+0700, [90mIP: [37m::1[0m, [90mUser Agent: PostmanRuntime/7.32.3[0m 
2023-10-05 06:07:02:72 [35mhttp[39m: [95mRequest Body:[0m [97m{"surname":"lab","age":24}[0m 
2023-10-05 06:07:02:72 [35mhttp[39m: [95mResponse Body:[0m [97m{"status":400,"success":false,"message":"employee[0m [97mis[0m [97malready[0m [97mexist.","stack":"Error:[0m [97memployee[0m [97mis[0m [97malready[0m [97mexist.\n[0m [97m[0m [97m[0m [97m[0m [97mat[0m [97mFunction.<anonymous>[0m [97m(/Users/mammothz/Desktop/VSCode/company_test/datapro-backend/src/services/employee.ts:39:15)\n[0m [97m[0m [97m[0m [97m[0m [97mat[0m [97mGenerator.next[0m [97m(<anonymous>)\n[0m [97m[0m [97m[0m [97m[0m [97mat[0m [97mfulfilled[0m [97m(/Users/mammothz/Desktop/VSCode/company_test/datapro-backend/src/services/employee.ts:5:58)\n[0m [97m[0m [97m[0m [97m[0m [97mat[0m [97mprocessTicksAndRejections[0m [97m(node:internal/process/task_queues:95:5)"}[0m 
2023-10-05 06:07:02:72 [35mhttp[39m: [96mResponse: [31m500 [37m50.137 ms  
2023-10-05 06:07:08:78 [31merror[39m: {"status":500,"success":false,"message":"employee is already exist.","stack":"Error: employee is already exist.\n    at Function.<anonymous> (/Users/mammothz/Desktop/VSCode/company_test/datapro-backend/src/services/employee.ts:39:15)\n    at Generator.next (<anonymous>)\n    at fulfilled (/Users/mammothz/Desktop/VSCode/company_test/datapro-backend/src/services/employee.ts:5:58)\n    at processTicksAndRejections (node:internal/process/task_queues:95:5)","payload":"unknown","code":"unknown"}
2023-10-05 06:07:08:78 [35mhttp[39m:  [96mRequest: [93mPOST [97m/api/employee [90mat [37mThu Oct 05 2023 06:07:08 GMT+0700, [90mIP: [37m::1[0m, [90mUser Agent: PostmanRuntime/7.32.3[0m 
2023-10-05 06:07:08:78 [35mhttp[39m: [95mRequest Body:[0m [97m{"surname":"lab","age":24}[0m 
2023-10-05 06:07:08:78 [35mhttp[39m: [95mResponse Body:[0m [97m{"status":400,"success":false,"message":"employee[0m [97mis[0m [97malready[0m [97mexist.","stack":"Error:[0m [97memployee[0m [97mis[0m [97malready[0m [97mexist.\n[0m [97m[0m [97m[0m [97m[0m [97mat[0m [97mFunction.<anonymous>[0m [97m(/Users/mammothz/Desktop/VSCode/company_test/datapro-backend/src/services/employee.ts:39:15)\n[0m [97m[0m [97m[0m [97m[0m [97mat[0m [97mGenerator.next[0m [97m(<anonymous>)\n[0m [97m[0m [97m[0m [97m[0m [97mat[0m [97mfulfilled[0m [97m(/Users/mammothz/Desktop/VSCode/company_test/datapro-backend/src/services/employee.ts:5:58)\n[0m [97m[0m [97m[0m [97m[0m [97mat[0m [97mprocessTicksAndRejections[0m [97m(node:internal/process/task_queues:95:5)"}[0m 
2023-10-05 06:07:08:78 [35mhttp[39m: [96mResponse: [31m500 [37m11.533 ms  
2023-10-05 12:41:28:4128 [32minfo[39m: Connected to mongo database successfully!
2023-10-05 12:41:28:4128 [32minfo[39m: App listening on port 3000
2023-10-05 12:41:37:4137 [31merror[39m: {"status":500,"success":false,"message":"requires property \"name\"","stack":"instance requires property \"name\"","payload":"unknown","code":"unknown"}
2023-10-05 12:41:37:4137 [35mhttp[39m:  [96mRequest: [93mPOST [97m/api/employee [90mat [37mThu Oct 05 2023 12:41:37 GMT+0700, [90mIP: [37m::1[0m, [90mUser Agent: PostmanRuntime/7.32.3[0m 
2023-10-05 12:41:37:4137 [35mhttp[39m: [95mRequest Body:[0m [97m{"surname":"lab","age":24}[0m 
2023-10-05 12:41:37:4137 [35mhttp[39m: [95mResponse Body:[0m [97m{"status":400,"success":false,"message":"requires[0m [97mproperty[0m [97m\"name\"","stack":"instance[0m [97mrequires[0m [97mproperty[0m [97m\"name\""}[0m 
2023-10-05 12:41:37:4137 [35mhttp[39m: [96mResponse: [31m500 [37m20.039 ms  
2023-10-05 12:41:47:4147 [31merror[39m: {"status":500,"success":false,"message":"employee is already exist.","stack":"Error: employee is already exist.\n    at Function.<anonymous> (/Users/mammothz/Desktop/VSCode/company_test/datapro-backend/src/services/employee.ts:39:15)\n    at Generator.next (<anonymous>)\n    at fulfilled (/Users/mammothz/Desktop/VSCode/company_test/datapro-backend/src/services/employee.ts:5:58)\n    at processTicksAndRejections (node:internal/process/task_queues:95:5)","payload":"unknown","code":"unknown"}
2023-10-05 12:41:47:4147 [35mhttp[39m:  [96mRequest: [93mPOST [97m/api/employee [90mat [37mThu Oct 05 2023 12:41:47 GMT+0700, [90mIP: [37m::1[0m, [90mUser Agent: PostmanRuntime/7.32.3[0m 
2023-10-05 12:41:47:4147 [35mhttp[39m: [95mRequest Body:[0m [97m{"name":"mam","surname":"lab","age":24}[0m 
2023-10-05 12:41:47:4147 [35mhttp[39m: [95mResponse Body:[0m [97m{"status":400,"success":false,"message":"employee[0m [97mis[0m [97malready[0m [97mexist.","stack":"Error:[0m [97memployee[0m [97mis[0m [97malready[0m [97mexist.\n[0m [97m[0m [97m[0m [97m[0m [97mat[0m [97mFunction.<anonymous>[0m [97m(/Users/mammothz/Desktop/VSCode/company_test/datapro-backend/src/services/employee.ts:39:15)\n[0m [97m[0m [97m[0m [97m[0m [97mat[0m [97mGenerator.next[0m [97m(<anonymous>)\n[0m [97m[0m [97m[0m [97m[0m [97mat[0m [97mfulfilled[0m [97m(/Users/mammothz/Desktop/VSCode/company_test/datapro-backend/src/services/employee.ts:5:58)\n[0m [97m[0m [97m[0m [97m[0m [97mat[0m [97mprocessTicksAndRejections[0m [97m(node:internal/process/task_queues:95:5)"}[0m 
2023-10-05 12:41:47:4147 [35mhttp[39m: [96mResponse: [31m500 [37m34.437 ms  
2023-10-05 12:43:26:4326 [32minfo[39m: Connected to mongo database successfully!
2023-10-05 12:43:26:4326 [32minfo[39m: App listening on port 3000
2023-10-05 12:43:29:4329 [32minfo[39m: Connected to mongo database successfully!
2023-10-05 12:43:29:4329 [32minfo[39m: App listening on port 3000
2023-10-05 12:43:36:4336 [31merror[39m: {"status":500,"success":false,"message":"employee is already exist.","stack":"Error: employee is already exist.\n    at Function.<anonymous> (/Users/mammothz/Desktop/VSCode/company_test/datapro-backend/src/services/employee.ts:39:15)\n    at Generator.next (<anonymous>)\n    at fulfilled (/Users/mammothz/Desktop/VSCode/company_test/datapro-backend/src/services/employee.ts:5:58)\n    at processTicksAndRejections (node:internal/process/task_queues:95:5)","payload":"unknown","code":"unknown"}
2023-10-05 12:43:36:4336 [35mhttp[39m:  [96mRequest: [93mPOST [97m/api/employee [90mat [37mThu Oct 05 2023 12:43:36 GMT+0700, [90mIP: [37m::1[0m, [90mUser Agent: PostmanRuntime/7.32.3[0m 
2023-10-05 12:43:36:4336 [35mhttp[39m: [95mRequest Body:[0m [97m{"name":"mam","surname":"lab","age":24}[0m 
2023-10-05 12:43:36:4336 [35mhttp[39m: [95mResponse Body:[0m [97m{"status":400,"success":false,"message":"employee[0m [97mis[0m [97malready[0m [97mexist.","stack":"Error:[0m [97memployee[0m [97mis[0m [97malready[0m [97mexist.\n[0m [97m[0m [97m[0m [97m[0m [97mat[0m [97mFunction.<anonymous>[0m [97m(/Users/mammothz/Desktop/VSCode/company_test/datapro-backend/src/services/employee.ts:39:15)\n[0m [97m[0m [97m[0m [97m[0m [97mat[0m [97mGenerator.next[0m [97m(<anonymous>)\n[0m [97m[0m [97m[0m [97m[0m [97mat[0m [97mfulfilled[0m [97m(/Users/mammothz/Desktop/VSCode/company_test/datapro-backend/src/services/employee.ts:5:58)\n[0m [97m[0m [97m[0m [97m[0m [97mat[0m [97mprocessTicksAndRejections[0m [97m(node:internal/process/task_queues:95:5)"}[0m 
2023-10-05 12:43:36:4336 [35mhttp[39m: [96mResponse: [31m500 [37m34.347 ms  
2023-10-05 12:43:37:4337 [31merror[39m: {"status":500,"success":false,"message":"employee is already exist.","stack":"Error: employee is already exist.\n    at Function.<anonymous> (/Users/mammothz/Desktop/VSCode/company_test/datapro-backend/src/services/employee.ts:39:15)\n    at Generator.next (<anonymous>)\n    at fulfilled (/Users/mammothz/Desktop/VSCode/company_test/datapro-backend/src/services/employee.ts:5:58)\n    at processTicksAndRejections (node:internal/process/task_queues:95:5)","payload":"unknown","code":"unknown"}
2023-10-05 12:43:37:4337 [35mhttp[39m:  [96mRequest: [93mPOST [97m/api/employee [90mat [37mThu Oct 05 2023 12:43:37 GMT+0700, [90mIP: [37m::1[0m, [90mUser Agent: PostmanRuntime/7.32.3[0m 
2023-10-05 12:43:37:4337 [35mhttp[39m: [95mRequest Body:[0m [97m{"name":"mam","surname":"lab","age":24}[0m 
2023-10-05 12:43:37:4337 [35mhttp[39m: [95mResponse Body:[0m [97m{"status":400,"success":false,"message":"employee[0m [97mis[0m [97malready[0m [97mexist.","stack":"Error:[0m [97memployee[0m [97mis[0m [97malready[0m [97mexist.\n[0m [97m[0m [97m[0m [97m[0m [97mat[0m [97mFunction.<anonymous>[0m [97m(/Users/mammothz/Desktop/VSCode/company_test/datapro-backend/src/services/employee.ts:39:15)\n[0m [97m[0m [97m[0m [97m[0m [97mat[0m [97mGenerator.next[0m [97m(<anonymous>)\n[0m [97m[0m [97m[0m [97m[0m [97mat[0m [97mfulfilled[0m [97m(/Users/mammothz/Desktop/VSCode/company_test/datapro-backend/src/services/employee.ts:5:58)\n[0m [97m[0m [97m[0m [97m[0m [97mat[0m [97mprocessTicksAndRejections[0m [97m(node:internal/process/task_queues:95:5)"}[0m 
2023-10-05 12:43:37:4337 [35mhttp[39m: [96mResponse: [31m500 [37m7.538 ms  
2023-10-05 12:43:45:4345 [32minfo[39m: Connected to mongo database successfully!
2023-10-05 12:43:45:4345 [32minfo[39m: App listening on port 3000
2023-10-05 12:43:48:4348 [31merror[39m: {"status":500,"success":false,"message":"employee is already exist.","stack":"Error: employee is already exist.\n    at Function.<anonymous> (/Users/mammothz/Desktop/VSCode/company_test/datapro-backend/src/services/employee.ts:39:15)\n    at Generator.next (<anonymous>)\n    at fulfilled (/Users/mammothz/Desktop/VSCode/company_test/datapro-backend/src/services/employee.ts:5:58)\n    at processTicksAndRejections (node:internal/process/task_queues:95:5)","payload":"unknown","code":"unknown"}
2023-10-05 12:43:48:4348 [35mhttp[39m:  [96mRequest: [93mPOST [97m/api/employee [90mat [37mThu Oct 05 2023 12:43:48 GMT+0700, [90mIP: [37m::1[0m, [90mUser Agent: PostmanRuntime/7.32.3[0m 
2023-10-05 12:43:48:4348 [35mhttp[39m: [95mRequest Body:[0m [97m{"name":"mam","surname":"lab","age":24}[0m 
2023-10-05 12:43:48:4348 [35mhttp[39m: [95mResponse Body:[0m [97m{"status":400,"success":false,"message":"employee[0m [97mis[0m [97malready[0m [97mexist.","stack":"Error:[0m [97memployee[0m [97mis[0m [97malready[0m [97mexist.\n[0m [97m[0m [97m[0m [97m[0m [97mat[0m [97mFunction.<anonymous>[0m [97m(/Users/mammothz/Desktop/VSCode/company_test/datapro-backend/src/services/employee.ts:39:15)\n[0m [97m[0m [97m[0m [97m[0m [97mat[0m [97mGenerator.next[0m [97m(<anonymous>)\n[0m [97m[0m [97m[0m [97m[0m [97mat[0m [97mfulfilled[0m [97m(/Users/mammothz/Desktop/VSCode/company_test/datapro-backend/src/services/employee.ts:5:58)\n[0m [97m[0m [97m[0m [97m[0m [97mat[0m [97mprocessTicksAndRejections[0m [97m(node:internal/process/task_queues:95:5)"}[0m 
2023-10-05 12:43:48:4348 [35mhttp[39m: [96mResponse: [31m500 [37m30.209 ms  
2023-10-05 12:43:55:4355 [32minfo[39m: Connected to mongo database successfully!
2023-10-05 12:43:55:4355 [32minfo[39m: App listening on port 3000
2023-10-05 12:52:42:5242 [32minfo[39m: Connected to mongo database successfully!
2023-10-05 12:52:42:5242 [32minfo[39m: App listening on port 3000
2023-10-05 12:52:49:5249 [32minfo[39m: Connected to mongo database successfully!
2023-10-05 12:52:49:5249 [32minfo[39m: App listening on port 3000
2023-10-05 12:52:54:5254 [32minfo[39m: Connected to mongo database successfully!
2023-10-05 12:52:54:5254 [32minfo[39m: App listening on port 3000
2023-10-05 12:53:08:538 [32minfo[39m: Connected to mongo database successfully!
2023-10-05 12:53:08:538 [32minfo[39m: App listening on port 3000
2023-10-05 12:53:43:5343 [32minfo[39m: Connected to mongo database successfully!
2023-10-05 12:53:43:5343 [32minfo[39m: App listening on port 3000
2023-10-05 12:55:09:559 [32minfo[39m: Connected to mongo database successfully!
2023-10-05 12:55:09:559 [32minfo[39m: App listening on port 3000
2023-10-05 12:55:13:5513 [32minfo[39m: Connected to mongo database successfully!
2023-10-05 12:55:13:5513 [32minfo[39m: App listening on port 3000
2023-10-05 12:55:31:5531 [32minfo[39m: Connected to mongo database successfully!
2023-10-05 12:55:31:5531 [32minfo[39m: App listening on port 3000
2023-10-05 12:56:13:5613 [32minfo[39m: Connected to mongo database successfully!
2023-10-05 12:56:13:5613 [32minfo[39m: App listening on port 3000
2023-10-05 12:56:20:5620 [31merror[39m: {"status":500,"success":false,"message":"employee is already exist.","stack":"Error: employee is already exist.\n    at Function.<anonymous> (/Users/mammothz/Desktop/VSCode/company_test/datapro-backend/src/services/employee.ts:40:15)\n    at Generator.next (<anonymous>)\n    at fulfilled (/Users/mammothz/Desktop/VSCode/company_test/datapro-backend/src/services/employee.ts:5:58)\n    at processTicksAndRejections (node:internal/process/task_queues:95:5)","payload":"unknown","code":"unknown"}
2023-10-05 12:56:20:5620 [35mhttp[39m:  [96mRequest: [93mPOST [97m/api/employee [90mat [37mThu Oct 05 2023 12:56:20 GMT+0700, [90mIP: [37m::1[0m, [90mUser Agent: PostmanRuntime/7.32.3[0m 
2023-10-05 12:56:20:5620 [35mhttp[39m: [95mRequest Body:[0m [97m{"name":"mam","surname":"lab","age":24}[0m 
2023-10-05 12:56:20:5620 [35mhttp[39m: [95mResponse Body:[0m [97m{"status":400,"success":false,"message":"employee[0m [97mis[0m [97malready[0m [97mexist.","stack":"Error:[0m [97memployee[0m [97mis[0m [97malready[0m [97mexist.\n[0m [97m[0m [97m[0m [97m[0m [97mat[0m [97mFunction.<anonymous>[0m [97m(/Users/mammothz/Desktop/VSCode/company_test/datapro-backend/src/services/employee.ts:40:15)\n[0m [97m[0m [97m[0m [97m[0m [97mat[0m [97mGenerator.next[0m [97m(<anonymous>)\n[0m [97m[0m [97m[0m [97m[0m [97mat[0m [97mfulfilled[0m [97m(/Users/mammothz/Desktop/VSCode/company_test/datapro-backend/src/services/employee.ts:5:58)\n[0m [97m[0m [97m[0m [97m[0m [97mat[0m [97mprocessTicksAndRejections[0m [97m(node:internal/process/task_queues:95:5)"}[0m 
2023-10-05 12:56:20:5620 [35mhttp[39m: [96mResponse: [31m500 [37m32.356 ms  
2023-10-05 12:56:22:5622 [31merror[39m: {"status":500,"success":false,"message":"employee is already exist.","stack":"Error: employee is already exist.\n    at Function.<anonymous> (/Users/mammothz/Desktop/VSCode/company_test/datapro-backend/src/services/employee.ts:40:15)\n    at Generator.next (<anonymous>)\n    at fulfilled (/Users/mammothz/Desktop/VSCode/company_test/datapro-backend/src/services/employee.ts:5:58)\n    at processTicksAndRejections (node:internal/process/task_queues:95:5)","payload":"unknown","code":"unknown"}
2023-10-05 12:56:22:5622 [35mhttp[39m:  [96mRequest: [93mPOST [97m/api/employee [90mat [37mThu Oct 05 2023 12:56:22 GMT+0700, [90mIP: [37m::1[0m, [90mUser Agent: PostmanRuntime/7.32.3[0m 
2023-10-05 12:56:22:5622 [35mhttp[39m: [95mRequest Body:[0m [97m{"name":"mam","surname":"lab","age":24}[0m 
2023-10-05 12:56:22:5622 [35mhttp[39m: [95mResponse Body:[0m [97m{"status":400,"success":false,"message":"employee[0m [97mis[0m [97malready[0m [97mexist.","stack":"Error:[0m [97memployee[0m [97mis[0m [97malready[0m [97mexist.\n[0m [97m[0m [97m[0m [97m[0m [97mat[0m [97mFunction.<anonymous>[0m [97m(/Users/mammothz/Desktop/VSCode/company_test/datapro-backend/src/services/employee.ts:40:15)\n[0m [97m[0m [97m[0m [97m[0m [97mat[0m [97mGenerator.next[0m [97m(<anonymous>)\n[0m [97m[0m [97m[0m [97m[0m [97mat[0m [97mfulfilled[0m [97m(/Users/mammothz/Desktop/VSCode/company_test/datapro-backend/src/services/employee.ts:5:58)\n[0m [97m[0m [97m[0m [97m[0m [97mat[0m [97mprocessTicksAndRejections[0m [97m(node:internal/process/task_queues:95:5)"}[0m 
2023-10-05 12:56:22:5622 [35mhttp[39m: [96mResponse: [31m500 [37m14.840 ms  
2023-10-05 12:56:26:5626 [32minfo[39m: Connected to mongo database successfully!
2023-10-05 12:56:26:5626 [32minfo[39m: App listening on port 3000
2023-10-05 12:56:29:5629 [31merror[39m: {"status":500,"success":false,"message":"employee is already exist.","stack":"Error: employee is already exist.\n    at Function.<anonymous> (/Users/mammothz/Desktop/VSCode/company_test/datapro-backend/src/services/employee.ts:40:15)\n    at Generator.next (<anonymous>)\n    at fulfilled (/Users/mammothz/Desktop/VSCode/company_test/datapro-backend/src/services/employee.ts:5:58)\n    at processTicksAndRejections (node:internal/process/task_queues:95:5)","payload":"unknown","code":"unknown"}
2023-10-05 12:56:29:5629 [35mhttp[39m:  [96mRequest: [93mPOST [97m/api/employee [90mat [37mThu Oct 05 2023 12:56:29 GMT+0700, [90mIP: [37m::1[0m, [90mUser Agent: PostmanRuntime/7.32.3[0m 
2023-10-05 12:56:29:5629 [35mhttp[39m: [95mRequest Body:[0m [97m{"name":"mam","surname":"lab","age":24}[0m 
2023-10-05 12:56:29:5629 [35mhttp[39m: [95mResponse Body:[0m [97m{"status":400,"success":false,"message":"employee[0m [97mis[0m [97malready[0m [97mexist.","stack":"Error:[0m [97memployee[0m [97mis[0m [97malready[0m [97mexist.\n[0m [97m[0m [97m[0m [97m[0m [97mat[0m [97mFunction.<anonymous>[0m [97m(/Users/mammothz/Desktop/VSCode/company_test/datapro-backend/src/services/employee.ts:40:15)\n[0m [97m[0m [97m[0m [97m[0m [97mat[0m [97mGenerator.next[0m [97m(<anonymous>)\n[0m [97m[0m [97m[0m [97m[0m [97mat[0m [97mfulfilled[0m [97m(/Users/mammothz/Desktop/VSCode/company_test/datapro-backend/src/services/employee.ts:5:58)\n[0m [97m[0m [97m[0m [97m[0m [97mat[0m [97mprocessTicksAndRejections[0m [97m(node:internal/process/task_queues:95:5)"}[0m 
2023-10-05 12:56:29:5629 [35mhttp[39m: [96mResponse: [31m500 [37m36.634 ms  
2023-10-05 12:56:30:5630 [31merror[39m: {"status":500,"success":false,"message":"employee is already exist.","stack":"Error: employee is already exist.\n    at Function.<anonymous> (/Users/mammothz/Desktop/VSCode/company_test/datapro-backend/src/services/employee.ts:40:15)\n    at Generator.next (<anonymous>)\n    at fulfilled (/Users/mammothz/Desktop/VSCode/company_test/datapro-backend/src/services/employee.ts:5:58)\n    at processTicksAndRejections (node:internal/process/task_queues:95:5)","payload":"unknown","code":"unknown"}
2023-10-05 12:56:30:5630 [35mhttp[39m:  [96mRequest: [93mPOST [97m/api/employee [90mat [37mThu Oct 05 2023 12:56:30 GMT+0700, [90mIP: [37m::1[0m, [90mUser Agent: PostmanRuntime/7.32.3[0m 
2023-10-05 12:56:30:5630 [35mhttp[39m: [95mRequest Body:[0m [97m{"name":"mam","surname":"lab","age":24}[0m 
2023-10-05 12:56:30:5630 [35mhttp[39m: [95mResponse Body:[0m [97m{"status":400,"success":false,"message":"employee[0m [97mis[0m [97malready[0m [97mexist.","stack":"Error:[0m [97memployee[0m [97mis[0m [97malready[0m [97mexist.\n[0m [97m[0m [97m[0m [97m[0m [97mat[0m [97mFunction.<anonymous>[0m [97m(/Users/mammothz/Desktop/VSCode/company_test/datapro-backend/src/services/employee.ts:40:15)\n[0m [97m[0m [97m[0m [97m[0m [97mat[0m [97mGenerator.next[0m [97m(<anonymous>)\n[0m [97m[0m [97m[0m [97m[0m [97mat[0m [97mfulfilled[0m [97m(/Users/mammothz/Desktop/VSCode/company_test/datapro-backend/src/services/employee.ts:5:58)\n[0m [97m[0m [97m[0m [97m[0m [97mat[0m [97mprocessTicksAndRejections[0m [97m(node:internal/process/task_queues:95:5)"}[0m 
2023-10-05 12:56:30:5630 [35mhttp[39m: [96mResponse: [31m500 [37m11.436 ms  
2023-10-05 12:56:43:5643 [32minfo[39m: Connected to mongo database successfully!
2023-10-05 12:56:43:5643 [32minfo[39m: App listening on port 3000
2023-10-05 12:56:46:5646 [31merror[39m: {"status":500,"success":false,"message":"employee is already exist.","stack":"Error: employee is already exist.\n    at Function.<anonymous> (/Users/mammothz/Desktop/VSCode/company_test/datapro-backend/src/services/employee.ts:40:15)\n    at Generator.next (<anonymous>)\n    at fulfilled (/Users/mammothz/Desktop/VSCode/company_test/datapro-backend/src/services/employee.ts:5:58)\n    at processTicksAndRejections (node:internal/process/task_queues:95:5)","payload":"unknown","code":"unknown"}
2023-10-05 12:56:46:5646 [35mhttp[39m:  [96mRequest: [93mPOST [97m/api/employee [90mat [37mThu Oct 05 2023 12:56:46 GMT+0700, [90mIP: [37m::1[0m, [90mUser Agent: PostmanRuntime/7.32.3[0m 
2023-10-05 12:56:46:5646 [35mhttp[39m: [95mRequest Body:[0m [97m{"name":"mam","surname":"lab","age":24}[0m 
2023-10-05 12:56:46:5646 [35mhttp[39m: [95mResponse Body:[0m [97m{"status":400,"success":false,"message":"employee[0m [97mis[0m [97malready[0m [97mexist.","stack":"Error:[0m [97memployee[0m [97mis[0m [97malready[0m [97mexist.\n[0m [97m[0m [97m[0m [97m[0m [97mat[0m [97mFunction.<anonymous>[0m [97m(/Users/mammothz/Desktop/VSCode/company_test/datapro-backend/src/services/employee.ts:40:15)\n[0m [97m[0m [97m[0m [97m[0m [97mat[0m [97mGenerator.next[0m [97m(<anonymous>)\n[0m [97m[0m [97m[0m [97m[0m [97mat[0m [97mfulfilled[0m [97m(/Users/mammothz/Desktop/VSCode/company_test/datapro-backend/src/services/employee.ts:5:58)\n[0m [97m[0m [97m[0m [97m[0m [97mat[0m [97mprocessTicksAndRejections[0m [97m(node:internal/process/task_queues:95:5)"}[0m 
2023-10-05 12:56:46:5646 [35mhttp[39m: [96mResponse: [31m500 [37m34.912 ms  
2023-10-05 12:57:11:5711 [32minfo[39m: Connected to mongo database successfully!
2023-10-05 12:57:11:5711 [32minfo[39m: App listening on port 3000
2023-10-05 12:57:17:5717 [32minfo[39m: Connected to mongo database successfully!
2023-10-05 12:57:17:5717 [32minfo[39m: App listening on port 3000
2023-10-05 12:57:25:5725 [32minfo[39m: Connected to mongo database successfully!
2023-10-05 12:57:25:5725 [32minfo[39m: App listening on port 3000
2023-10-05 12:57:27:5727 [31merror[39m: {"status":500,"success":false,"message":"employee is already exist.","stack":"Error: employee is already exist.\n    at Function.<anonymous> (/Users/mammothz/Desktop/VSCode/company_test/datapro-backend/src/services/employee.ts:40:15)\n    at Generator.next (<anonymous>)\n    at fulfilled (/Users/mammothz/Desktop/VSCode/company_test/datapro-backend/src/services/employee.ts:5:58)\n    at processTicksAndRejections (node:internal/process/task_queues:95:5)","payload":"unknown","code":"unknown"}
2023-10-05 12:57:27:5727 [35mhttp[39m:  [96mRequest: [93mPOST [97m/api/employee [90mat [37mThu Oct 05 2023 12:57:27 GMT+0700, [90mIP: [37m::1[0m, [90mUser Agent: PostmanRuntime/7.32.3[0m 
2023-10-05 12:57:27:5727 [35mhttp[39m: [95mRequest Body:[0m [97m{"name":"mam","surname":"lab","age":24}[0m 
2023-10-05 12:57:27:5727 [35mhttp[39m: [95mResponse Body:[0m [97m{"status":400,"success":false,"message":"employee[0m [97mis[0m [97malready[0m [97mexist.","stack":"Error:[0m [97memployee[0m [97mis[0m [97malready[0m [97mexist.\n[0m [97m[0m [97m[0m [97m[0m [97mat[0m [97mFunction.<anonymous>[0m [97m(/Users/mammothz/Desktop/VSCode/company_test/datapro-backend/src/services/employee.ts:40:15)\n[0m [97m[0m [97m[0m [97m[0m [97mat[0m [97mGenerator.next[0m [97m(<anonymous>)\n[0m [97m[0m [97m[0m [97m[0m [97mat[0m [97mfulfilled[0m [97m(/Users/mammothz/Desktop/VSCode/company_test/datapro-backend/src/services/employee.ts:5:58)\n[0m [97m[0m [97m[0m [97m[0m [97mat[0m [97mprocessTicksAndRejections[0m [97m(node:internal/process/task_queues:95:5)"}[0m 
2023-10-05 12:57:27:5727 [35mhttp[39m: [96mResponse: [31m500 [37m37.738 ms  
2023-10-05 12:57:33:5733 [31merror[39m: {"status":500,"success":false,"message":"employee is already exist.","stack":"Error: employee is already exist.\n    at Function.<anonymous> (/Users/mammothz/Desktop/VSCode/company_test/datapro-backend/src/services/employee.ts:40:15)\n    at Generator.next (<anonymous>)\n    at fulfilled (/Users/mammothz/Desktop/VSCode/company_test/datapro-backend/src/services/employee.ts:5:58)\n    at processTicksAndRejections (node:internal/process/task_queues:95:5)","payload":"unknown","code":"unknown"}
2023-10-05 12:57:33:5733 [35mhttp[39m:  [96mRequest: [93mPOST [97m/api/employee [90mat [37mThu Oct 05 2023 12:57:33 GMT+0700, [90mIP: [37m::1[0m, [90mUser Agent: PostmanRuntime/7.32.3[0m 
2023-10-05 12:57:33:5733 [35mhttp[39m: [95mRequest Body:[0m [97m{"name":"mam","surname":"lab","age":24}[0m 
2023-10-05 12:57:33:5733 [35mhttp[39m: [95mResponse Body:[0m [97m{"status":400,"success":false,"message":"employee[0m [97mis[0m [97malready[0m [97mexist.","stack":"Error:[0m [97memployee[0m [97mis[0m [97malready[0m [97mexist.\n[0m [97m[0m [97m[0m [97m[0m [97mat[0m [97mFunction.<anonymous>[0m [97m(/Users/mammothz/Desktop/VSCode/company_test/datapro-backend/src/services/employee.ts:40:15)\n[0m [97m[0m [97m[0m [97m[0m [97mat[0m [97mGenerator.next[0m [97m(<anonymous>)\n[0m [97m[0m [97m[0m [97m[0m [97mat[0m [97mfulfilled[0m [97m(/Users/mammothz/Desktop/VSCode/company_test/datapro-backend/src/services/employee.ts:5:58)\n[0m [97m[0m [97m[0m [97m[0m [97mat[0m [97mprocessTicksAndRejections[0m [97m(node:internal/process/task_queues:95:5)"}[0m 
2023-10-05 12:57:33:5733 [35mhttp[39m: [96mResponse: [31m500 [37m15.835 ms  
2023-10-05 12:57:58:5758 [32minfo[39m: Connected to mongo database successfully!
2023-10-05 12:57:58:5758 [32minfo[39m: App listening on port 3000
2023-10-05 12:58:08:588 [31merror[39m: {"status":500,"success":false,"message":"employee is already exist.","stack":"CustomError: employee is already exist.\n    at Function.<anonymous> (/Users/mammothz/Desktop/VSCode/company_test/datapro-backend/src/services/employee.ts:40:15)\n    at Generator.next (<anonymous>)\n    at fulfilled (/Users/mammothz/Desktop/VSCode/company_test/datapro-backend/src/services/employee.ts:5:58)\n    at processTicksAndRejections (node:internal/process/task_queues:95:5)","payload":"unknown","code":"unknown"}
2023-10-05 12:58:08:588 [35mhttp[39m:  [96mRequest: [93mPOST [97m/api/employee [90mat [37mThu Oct 05 2023 12:58:08 GMT+0700, [90mIP: [37m::1[0m, [90mUser Agent: PostmanRuntime/7.32.3[0m 
2023-10-05 12:58:08:588 [35mhttp[39m: [95mRequest Body:[0m [97m{"name":"mam","surname":"lab","age":24}[0m 
2023-10-05 12:58:08:588 [35mhttp[39m: [95mResponse Body:[0m [97m{"status":400,"success":false,"message":"employee[0m [97mis[0m [97malready[0m [97mexist.","stack":"CustomError:[0m [97memployee[0m [97mis[0m [97malready[0m [97mexist.\n[0m [97m[0m [97m[0m [97m[0m [97mat[0m [97mFunction.<anonymous>[0m [97m(/Users/mammothz/Desktop/VSCode/company_test/datapro-backend/src/services/employee.ts:40:15)\n[0m [97m[0m [97m[0m [97m[0m [97mat[0m [97mGenerator.next[0m [97m(<anonymous>)\n[0m [97m[0m [97m[0m [97m[0m [97mat[0m [97mfulfilled[0m [97m(/Users/mammothz/Desktop/VSCode/company_test/datapro-backend/src/services/employee.ts:5:58)\n[0m [97m[0m [97m[0m [97m[0m [97mat[0m [97mprocessTicksAndRejections[0m [97m(node:internal/process/task_queues:95:5)"}[0m 
2023-10-05 12:58:08:588 [35mhttp[39m: [96mResponse: [31m500 [37m41.788 ms  
2023-10-05 12:58:33:5833 [32minfo[39m: Connected to mongo database successfully!
2023-10-05 12:58:33:5833 [32minfo[39m: App listening on port 3000
2023-10-05 12:58:36:5836 [32minfo[39m: Connected to mongo database successfully!
2023-10-05 12:58:36:5836 [32minfo[39m: App listening on port 3000
2023-10-05 12:58:37:5837 [31merror[39m: {"status":500,"success":false,"message":"employee is already exist.","stack":"Error: employee is already exist.\n    at Function.<anonymous> (/Users/mammothz/Desktop/VSCode/company_test/datapro-backend/src/services/employee.ts:40:15)\n    at Generator.next (<anonymous>)\n    at fulfilled (/Users/mammothz/Desktop/VSCode/company_test/datapro-backend/src/services/employee.ts:5:58)\n    at processTicksAndRejections (node:internal/process/task_queues:95:5)","payload":"unknown","code":"unknown"}
2023-10-05 12:58:37:5837 [35mhttp[39m:  [96mRequest: [93mPOST [97m/api/employee [90mat [37mThu Oct 05 2023 12:58:37 GMT+0700, [90mIP: [37m::1[0m, [90mUser Agent: PostmanRuntime/7.32.3[0m 
2023-10-05 12:58:37:5837 [35mhttp[39m: [95mRequest Body:[0m [97m{"name":"mam","surname":"lab","age":24}[0m 
2023-10-05 12:58:37:5837 [35mhttp[39m: [95mResponse Body:[0m [97m{"status":400,"success":false,"message":"employee[0m [97mis[0m [97malready[0m [97mexist.","stack":"Error:[0m [97memployee[0m [97mis[0m [97malready[0m [97mexist.\n[0m [97m[0m [97m[0m [97m[0m [97mat[0m [97mFunction.<anonymous>[0m [97m(/Users/mammothz/Desktop/VSCode/company_test/datapro-backend/src/services/employee.ts:40:15)\n[0m [97m[0m [97m[0m [97m[0m [97mat[0m [97mGenerator.next[0m [97m(<anonymous>)\n[0m [97m[0m [97m[0m [97m[0m [97mat[0m [97mfulfilled[0m [97m(/Users/mammothz/Desktop/VSCode/company_test/datapro-backend/src/services/employee.ts:5:58)\n[0m [97m[0m [97m[0m [97m[0m [97mat[0m [97mprocessTicksAndRejections[0m [97m(node:internal/process/task_queues:95:5)"}[0m 
2023-10-05 12:58:37:5837 [35mhttp[39m: [96mResponse: [31m500 [37m33.523 ms  
2023-10-05 12:59:46:5946 [32minfo[39m: Connected to mongo database successfully!
2023-10-05 12:59:46:5946 [32minfo[39m: App listening on port 3000
2023-10-05 12:59:48:5948 [32minfo[39m: Connected to mongo database successfully!
2023-10-05 12:59:48:5948 [32minfo[39m: App listening on port 3000
2023-10-05 12:59:49:5949 [32minfo[39m: Connected to mongo database successfully!
2023-10-05 12:59:49:5949 [32minfo[39m: App listening on port 3000
2023-10-05 12:59:53:5953 [32minfo[39m: Connected to mongo database successfully!
2023-10-05 12:59:53:5953 [32minfo[39m: App listening on port 3000
2023-10-05 12:59:59:5959 [32minfo[39m: Connected to mongo database successfully!
2023-10-05 12:59:59:5959 [32minfo[39m: App listening on port 3000
2023-10-05 13:00:01:01 [31merror[39m: {"status":400,"success":false,"message":"employee is already exist.","stack":"Error: employee is already exist.\n    at Function.<anonymous> (/Users/mammothz/Desktop/VSCode/company_test/datapro-backend/src/services/employee.ts:40:15)\n    at Generator.next (<anonymous>)\n    at fulfilled (/Users/mammothz/Desktop/VSCode/company_test/datapro-backend/src/services/employee.ts:5:58)\n    at processTicksAndRejections (node:internal/process/task_queues:95:5)","payload":"unknown","code":"unknown"}
2023-10-05 13:00:01:01 [35mhttp[39m:  [96mRequest: [93mPOST [97m/api/employee [90mat [37mThu Oct 05 2023 13:00:01 GMT+0700, [90mIP: [37m::1[0m, [90mUser Agent: PostmanRuntime/7.32.3[0m 
2023-10-05 13:00:01:01 [35mhttp[39m: [95mRequest Body:[0m [97m{"name":"mam","surname":"lab","age":24}[0m 
2023-10-05 13:00:01:01 [35mhttp[39m: [95mResponse Body:[0m [97m{"status":400,"success":false,"message":"employee[0m [97mis[0m [97malready[0m [97mexist.","stack":"Error:[0m [97memployee[0m [97mis[0m [97malready[0m [97mexist.\n[0m [97m[0m [97m[0m [97m[0m [97mat[0m [97mFunction.<anonymous>[0m [97m(/Users/mammothz/Desktop/VSCode/company_test/datapro-backend/src/services/employee.ts:40:15)\n[0m [97m[0m [97m[0m [97m[0m [97mat[0m [97mGenerator.next[0m [97m(<anonymous>)\n[0m [97m[0m [97m[0m [97m[0m [97mat[0m [97mfulfilled[0m [97m(/Users/mammothz/Desktop/VSCode/company_test/datapro-backend/src/services/employee.ts:5:58)\n[0m [97m[0m [97m[0m [97m[0m [97mat[0m [97mprocessTicksAndRejections[0m [97m(node:internal/process/task_queues:95:5)"}[0m 
2023-10-05 13:00:01:01 [35mhttp[39m: [96mResponse: [33m400 [37m34.054 ms  
2023-10-05 13:00:28:028 [32minfo[39m: Connected to mongo database successfully!
2023-10-05 13:00:28:028 [32minfo[39m: App listening on port 3000
2023-10-05 13:00:36:036 [32minfo[39m: Connected to mongo database successfully!
2023-10-05 13:00:36:036 [32minfo[39m: App listening on port 3000
2023-10-05 13:00:38:038 [31merror[39m: {"status":400,"success":false,"message":"employee is already exist.","stack":"Error: employee is already exist.\n    at Function.<anonymous> (/Users/mammothz/Desktop/VSCode/company_test/datapro-backend/src/services/employee.ts:40:15)\n    at Generator.next (<anonymous>)\n    at fulfilled (/Users/mammothz/Desktop/VSCode/company_test/datapro-backend/src/services/employee.ts:5:58)\n    at processTicksAndRejections (node:internal/process/task_queues:95:5)","payload":"unknown","code":"unknown"}
2023-10-05 13:00:38:038 [35mhttp[39m:  [96mRequest: [93mPOST [97m/api/employee [90mat [37mThu Oct 05 2023 13:00:38 GMT+0700, [90mIP: [37m::1[0m, [90mUser Agent: PostmanRuntime/7.32.3[0m 
2023-10-05 13:00:38:038 [35mhttp[39m: [95mRequest Body:[0m [97m{"name":"mam","surname":"lab","age":24}[0m 
2023-10-05 13:00:38:038 [35mhttp[39m: [95mResponse Body:[0m [97m{"status":400,"success":false,"message":"employee[0m [97mis[0m [97malready[0m [97mexist.","stack":"Error:[0m [97memployee[0m [97mis[0m [97malready[0m [97mexist.\n[0m [97m[0m [97m[0m [97m[0m [97mat[0m [97mFunction.<anonymous>[0m [97m(/Users/mammothz/Desktop/VSCode/company_test/datapro-backend/src/services/employee.ts:40:15)\n[0m [97m[0m [97m[0m [97m[0m [97mat[0m [97mGenerator.next[0m [97m(<anonymous>)\n[0m [97m[0m [97m[0m [97m[0m [97mat[0m [97mfulfilled[0m [97m(/Users/mammothz/Desktop/VSCode/company_test/datapro-backend/src/services/employee.ts:5:58)\n[0m [97m[0m [97m[0m [97m[0m [97mat[0m [97mprocessTicksAndRejections[0m [97m(node:internal/process/task_queues:95:5)"}[0m 
2023-10-05 13:00:38:038 [35mhttp[39m: [96mResponse: [33m400 [37m32.801 ms  
2023-10-05 13:00:42:042 [31merror[39m: {"status":400,"success":false,"message":"employee is already exist.","stack":"Error: employee is already exist.\n    at Function.<anonymous> (/Users/mammothz/Desktop/VSCode/company_test/datapro-backend/src/services/employee.ts:40:15)\n    at Generator.next (<anonymous>)\n    at fulfilled (/Users/mammothz/Desktop/VSCode/company_test/datapro-backend/src/services/employee.ts:5:58)\n    at processTicksAndRejections (node:internal/process/task_queues:95:5)","payload":"unknown","code":"unknown"}
2023-10-05 13:00:42:042 [35mhttp[39m:  [96mRequest: [93mPOST [97m/api/employee [90mat [37mThu Oct 05 2023 13:00:42 GMT+0700, [90mIP: [37m::1[0m, [90mUser Agent: PostmanRuntime/7.32.3[0m 
2023-10-05 13:00:42:042 [35mhttp[39m: [95mRequest Body:[0m [97m{"name":"mam","surname":"lab","age":24}[0m 
2023-10-05 13:00:42:042 [35mhttp[39m: [95mResponse Body:[0m [97m{"status":400,"success":false,"message":"employee[0m [97mis[0m [97malready[0m [97mexist.","stack":"Error:[0m [97memployee[0m [97mis[0m [97malready[0m [97mexist.\n[0m [97m[0m [97m[0m [97m[0m [97mat[0m [97mFunction.<anonymous>[0m [97m(/Users/mammothz/Desktop/VSCode/company_test/datapro-backend/src/services/employee.ts:40:15)\n[0m [97m[0m [97m[0m [97m[0m [97mat[0m [97mGenerator.next[0m [97m(<anonymous>)\n[0m [97m[0m [97m[0m [97m[0m [97mat[0m [97mfulfilled[0m [97m(/Users/mammothz/Desktop/VSCode/company_test/datapro-backend/src/services/employee.ts:5:58)\n[0m [97m[0m [97m[0m [97m[0m [97mat[0m [97mprocessTicksAndRejections[0m [97m(node:internal/process/task_queues:95:5)"}[0m 
2023-10-05 13:00:42:042 [35mhttp[39m: [96mResponse: [33m400 [37m12.896 ms  
2023-10-05 13:00:49:049 [32minfo[39m: Connected to mongo database successfully!
2023-10-05 13:00:49:049 [32minfo[39m: App listening on port 3000
2023-10-05 13:00:51:051 [31merror[39m: {"status":400,"success":false,"message":"employee is already exist.","stack":"Error: employee is already exist.\n    at Function.<anonymous> (/Users/mammothz/Desktop/VSCode/company_test/datapro-backend/src/services/employee.ts:40:15)\n    at Generator.next (<anonymous>)\n    at fulfilled (/Users/mammothz/Desktop/VSCode/company_test/datapro-backend/src/services/employee.ts:5:58)\n    at processTicksAndRejections (node:internal/process/task_queues:95:5)","payload":"unknown","code":"unknown"}
2023-10-05 13:00:51:051 [35mhttp[39m:  [96mRequest: [93mPOST [97m/api/employee [90mat [37mThu Oct 05 2023 13:00:51 GMT+0700, [90mIP: [37m::1[0m, [90mUser Agent: PostmanRuntime/7.32.3[0m 
2023-10-05 13:00:51:051 [35mhttp[39m: [95mRequest Body:[0m [97m{"name":"mam","surname":"lab","age":24}[0m 
2023-10-05 13:00:51:051 [35mhttp[39m: [95mResponse Body:[0m [97m{"status":400,"success":false,"message":"employee[0m [97mis[0m [97malready[0m [97mexist.","stack":"Error:[0m [97memployee[0m [97mis[0m [97malready[0m [97mexist.\n[0m [97m[0m [97m[0m [97m[0m [97mat[0m [97mFunction.<anonymous>[0m [97m(/Users/mammothz/Desktop/VSCode/company_test/datapro-backend/src/services/employee.ts:40:15)\n[0m [97m[0m [97m[0m [97m[0m [97mat[0m [97mGenerator.next[0m [97m(<anonymous>)\n[0m [97m[0m [97m[0m [97m[0m [97mat[0m [97mfulfilled[0m [97m(/Users/mammothz/Desktop/VSCode/company_test/datapro-backend/src/services/employee.ts:5:58)\n[0m [97m[0m [97m[0m [97m[0m [97mat[0m [97mprocessTicksAndRejections[0m [97m(node:internal/process/task_queues:95:5)"}[0m 
2023-10-05 13:00:51:051 [35mhttp[39m: [96mResponse: [33m400 [37m33.233 ms  
2023-10-05 13:01:07:17 [32minfo[39m: Connected to mongo database successfully!
2023-10-05 13:01:07:17 [32minfo[39m: App listening on port 3000
2023-10-05 13:01:09:19 [31merror[39m: {"status":500,"success":false,"message":"employee is already exist.","stack":"Error: employee is already exist.\n    at Function.<anonymous> (/Users/mammothz/Desktop/VSCode/company_test/datapro-backend/src/services/employee.ts:40:15)\n    at Generator.next (<anonymous>)\n    at fulfilled (/Users/mammothz/Desktop/VSCode/company_test/datapro-backend/src/services/employee.ts:5:58)\n    at processTicksAndRejections (node:internal/process/task_queues:95:5)","payload":"unknown","code":"unknown"}
2023-10-05 13:01:09:19 [35mhttp[39m:  [96mRequest: [93mPOST [97m/api/employee [90mat [37mThu Oct 05 2023 13:01:09 GMT+0700, [90mIP: [37m::1[0m, [90mUser Agent: PostmanRuntime/7.32.3[0m 
2023-10-05 13:01:09:19 [35mhttp[39m: [95mRequest Body:[0m [97m{"name":"mam","surname":"lab","age":24}[0m 
2023-10-05 13:01:09:19 [35mhttp[39m: [95mResponse Body:[0m [97m{"status":400,"success":false,"message":"employee[0m [97mis[0m [97malready[0m [97mexist.","stack":"Error:[0m [97memployee[0m [97mis[0m [97malready[0m [97mexist.\n[0m [97m[0m [97m[0m [97m[0m [97mat[0m [97mFunction.<anonymous>[0m [97m(/Users/mammothz/Desktop/VSCode/company_test/datapro-backend/src/services/employee.ts:40:15)\n[0m [97m[0m [97m[0m [97m[0m [97mat[0m [97mGenerator.next[0m [97m(<anonymous>)\n[0m [97m[0m [97m[0m [97m[0m [97mat[0m [97mfulfilled[0m [97m(/Users/mammothz/Desktop/VSCode/company_test/datapro-backend/src/services/employee.ts:5:58)\n[0m [97m[0m [97m[0m [97m[0m [97mat[0m [97mprocessTicksAndRejections[0m [97m(node:internal/process/task_queues:95:5)"}[0m 
2023-10-05 13:01:09:19 [35mhttp[39m: [96mResponse: [31m500 [37m31.645 ms  
2023-10-05 13:01:11:111 [31merror[39m: {"status":500,"success":false,"message":"employee is already exist.","stack":"Error: employee is already exist.\n    at Function.<anonymous> (/Users/mammothz/Desktop/VSCode/company_test/datapro-backend/src/services/employee.ts:40:15)\n    at Generator.next (<anonymous>)\n    at fulfilled (/Users/mammothz/Desktop/VSCode/company_test/datapro-backend/src/services/employee.ts:5:58)\n    at processTicksAndRejections (node:internal/process/task_queues:95:5)","payload":"unknown","code":"unknown"}
2023-10-05 13:01:11:111 [35mhttp[39m:  [96mRequest: [93mPOST [97m/api/employee [90mat [37mThu Oct 05 2023 13:01:11 GMT+0700, [90mIP: [37m::1[0m, [90mUser Agent: PostmanRuntime/7.32.3[0m 
2023-10-05 13:01:11:111 [35mhttp[39m: [95mRequest Body:[0m [97m{"name":"mam","surname":"lab","age":24}[0m 
2023-10-05 13:01:11:111 [35mhttp[39m: [95mResponse Body:[0m [97m{"status":400,"success":false,"message":"employee[0m [97mis[0m [97malready[0m [97mexist.","stack":"Error:[0m [97memployee[0m [97mis[0m [97malready[0m [97mexist.\n[0m [97m[0m [97m[0m [97m[0m [97mat[0m [97mFunction.<anonymous>[0m [97m(/Users/mammothz/Desktop/VSCode/company_test/datapro-backend/src/services/employee.ts:40:15)\n[0m [97m[0m [97m[0m [97m[0m [97mat[0m [97mGenerator.next[0m [97m(<anonymous>)\n[0m [97m[0m [97m[0m [97m[0m [97mat[0m [97mfulfilled[0m [97m(/Users/mammothz/Desktop/VSCode/company_test/datapro-backend/src/services/employee.ts:5:58)\n[0m [97m[0m [97m[0m [97m[0m [97mat[0m [97mprocessTicksAndRejections[0m [97m(node:internal/process/task_queues:95:5)"}[0m 
2023-10-05 13:01:11:111 [35mhttp[39m: [96mResponse: [31m500 [37m9.774 ms  
2023-10-05 13:01:26:126 [31merror[39m: {"status":400,"success":false,"message":"employee not found.","stack":"Error: employee not found.\n    at Function.<anonymous> (/Users/mammothz/Desktop/VSCode/company_test/datapro-backend/src/services/employee.ts:24:15)\n    at Generator.next (<anonymous>)\n    at fulfilled (/Users/mammothz/Desktop/VSCode/company_test/datapro-backend/src/services/employee.ts:5:58)\n    at processTicksAndRejections (node:internal/process/task_queues:95:5)","payload":"unknown","code":"unknown"}
2023-10-05 13:01:26:126 [35mhttp[39m:  [96mRequest: [93mGET [97m/api/employee/2 [90mat [37mThu Oct 05 2023 13:01:26 GMT+0700, [90mIP: [37m::1[0m, [90mUser Agent: PostmanRuntime/7.32.3[0m 
2023-10-05 13:01:26:126 [35mhttp[39m: [95mResponse Body:[0m [97m{"status":400,"success":false,"message":"employee[0m [97mnot[0m [97mfound.","stack":"Error:[0m [97memployee[0m [97mnot[0m [97mfound.\n[0m [97m[0m [97m[0m [97m[0m [97mat[0m [97mFunction.<anonymous>[0m [97m(/Users/mammothz/Desktop/VSCode/company_test/datapro-backend/src/services/employee.ts:24:15)\n[0m [97m[0m [97m[0m [97m[0m [97mat[0m [97mGenerator.next[0m [97m(<anonymous>)\n[0m [97m[0m [97m[0m [97m[0m [97mat[0m [97mfulfilled[0m [97m(/Users/mammothz/Desktop/VSCode/company_test/datapro-backend/src/services/employee.ts:5:58)\n[0m [97m[0m [97m[0m [97m[0m [97mat[0m [97mprocessTicksAndRejections[0m [97m(node:internal/process/task_queues:95:5)"}[0m 
2023-10-05 13:01:26:126 [35mhttp[39m: [96mResponse: [33m400 [37m11.555 ms  
2023-10-05 13:01:41:141 [32minfo[39m: Connected to mongo database successfully!
2023-10-05 13:01:41:141 [32minfo[39m: App listening on port 3000
2023-10-05 13:01:44:144 [31merror[39m: {"status":400,"success":false,"message":"employee not found.","stack":"Error: employee not found.\n    at Function.<anonymous> (/Users/mammothz/Desktop/VSCode/company_test/datapro-backend/src/services/employee.ts:24:15)\n    at Generator.next (<anonymous>)\n    at fulfilled (/Users/mammothz/Desktop/VSCode/company_test/datapro-backend/src/services/employee.ts:5:58)\n    at processTicksAndRejections (node:internal/process/task_queues:95:5)","payload":"unknown","code":"unknown"}
2023-10-05 13:01:44:144 [35mhttp[39m:  [96mRequest: [93mGET [97m/api/employee/2 [90mat [37mThu Oct 05 2023 13:01:44 GMT+0700, [90mIP: [37m::1[0m, [90mUser Agent: PostmanRuntime/7.32.3[0m 
2023-10-05 13:01:44:144 [35mhttp[39m: [95mResponse Body:[0m [97m{"status":400,"success":false,"message":"employee[0m [97mnot[0m [97mfound.","stack":"Error:[0m [97memployee[0m [97mnot[0m [97mfound.\n[0m [97m[0m [97m[0m [97m[0m [97mat[0m [97mFunction.<anonymous>[0m [97m(/Users/mammothz/Desktop/VSCode/company_test/datapro-backend/src/services/employee.ts:24:15)\n[0m [97m[0m [97m[0m [97m[0m [97mat[0m [97mGenerator.next[0m [97m(<anonymous>)\n[0m [97m[0m [97m[0m [97m[0m [97mat[0m [97mfulfilled[0m [97m(/Users/mammothz/Desktop/VSCode/company_test/datapro-backend/src/services/employee.ts:5:58)\n[0m [97m[0m [97m[0m [97m[0m [97mat[0m [97mprocessTicksAndRejections[0m [97m(node:internal/process/task_queues:95:5)"}[0m 
2023-10-05 13:01:44:144 [35mhttp[39m: [96mResponse: [33m400 [37m31.294 ms  
2023-10-05 13:01:44:144 [31merror[39m: {"status":400,"success":false,"message":"employee not found.","stack":"Error: employee not found.\n    at Function.<anonymous> (/Users/mammothz/Desktop/VSCode/company_test/datapro-backend/src/services/employee.ts:24:15)\n    at Generator.next (<anonymous>)\n    at fulfilled (/Users/mammothz/Desktop/VSCode/company_test/datapro-backend/src/services/employee.ts:5:58)\n    at processTicksAndRejections (node:internal/process/task_queues:95:5)","payload":"unknown","code":"unknown"}
2023-10-05 13:01:44:144 [35mhttp[39m:  [96mRequest: [93mGET [97m/api/employee/2 [90mat [37mThu Oct 05 2023 13:01:44 GMT+0700, [90mIP: [37m::1[0m, [90mUser Agent: PostmanRuntime/7.32.3[0m 
2023-10-05 13:01:44:144 [35mhttp[39m: [95mResponse Body:[0m [97m{"status":400,"success":false,"message":"employee[0m [97mnot[0m [97mfound.","stack":"Error:[0m [97memployee[0m [97mnot[0m [97mfound.\n[0m [97m[0m [97m[0m [97m[0m [97mat[0m [97mFunction.<anonymous>[0m [97m(/Users/mammothz/Desktop/VSCode/company_test/datapro-backend/src/services/employee.ts:24:15)\n[0m [97m[0m [97m[0m [97m[0m [97mat[0m [97mGenerator.next[0m [97m(<anonymous>)\n[0m [97m[0m [97m[0m [97m[0m [97mat[0m [97mfulfilled[0m [97m(/Users/mammothz/Desktop/VSCode/company_test/datapro-backend/src/services/employee.ts:5:58)\n[0m [97m[0m [97m[0m [97m[0m [97mat[0m [97mprocessTicksAndRejections[0m [97m(node:internal/process/task_queues:95:5)"}[0m 
2023-10-05 13:01:44:144 [35mhttp[39m: [96mResponse: [33m400 [37m9.714 ms  
2023-10-05 13:01:47:147 [31merror[39m: {"status":500,"success":false,"message":"employee is already exist.","stack":"Error: employee is already exist.\n    at Function.<anonymous> (/Users/mammothz/Desktop/VSCode/company_test/datapro-backend/src/services/employee.ts:40:15)\n    at Generator.next (<anonymous>)\n    at fulfilled (/Users/mammothz/Desktop/VSCode/company_test/datapro-backend/src/services/employee.ts:5:58)\n    at processTicksAndRejections (node:internal/process/task_queues:95:5)","payload":"unknown","code":"unknown"}
2023-10-05 13:01:47:147 [35mhttp[39m:  [96mRequest: [93mPOST [97m/api/employee [90mat [37mThu Oct 05 2023 13:01:47 GMT+0700, [90mIP: [37m::1[0m, [90mUser Agent: PostmanRuntime/7.32.3[0m 
2023-10-05 13:01:47:147 [35mhttp[39m: [95mRequest Body:[0m [97m{"name":"mam","surname":"lab","age":24}[0m 
2023-10-05 13:01:47:147 [35mhttp[39m: [95mResponse Body:[0m [97m{"status":400,"success":false,"message":"employee[0m [97mis[0m [97malready[0m [97mexist.","stack":"Error:[0m [97memployee[0m [97mis[0m [97malready[0m [97mexist.\n[0m [97m[0m [97m[0m [97m[0m [97mat[0m [97mFunction.<anonymous>[0m [97m(/Users/mammothz/Desktop/VSCode/company_test/datapro-backend/src/services/employee.ts:40:15)\n[0m [97m[0m [97m[0m [97m[0m [97mat[0m [97mGenerator.next[0m [97m(<anonymous>)\n[0m [97m[0m [97m[0m [97m[0m [97mat[0m [97mfulfilled[0m [97m(/Users/mammothz/Desktop/VSCode/company_test/datapro-backend/src/services/employee.ts:5:58)\n[0m [97m[0m [97m[0m [97m[0m [97mat[0m [97mprocessTicksAndRejections[0m [97m(node:internal/process/task_queues:95:5)"}[0m 
2023-10-05 13:01:47:147 [35mhttp[39m: [96mResponse: [31m500 [37m31.185 ms  
2023-10-05 13:02:15:215 [32minfo[39m: Connected to mongo database successfully!
2023-10-05 13:02:15:215 [32minfo[39m: App listening on port 3000
2023-10-05 13:02:18:218 [31merror[39m: {"status":400,"success":false,"message":"employee is already exist.","stack":"Error: employee is already exist.\n    at Function.<anonymous> (/Users/mammothz/Desktop/VSCode/company_test/datapro-backend/src/services/employee.ts:40:15)\n    at Generator.next (<anonymous>)\n    at fulfilled (/Users/mammothz/Desktop/VSCode/company_test/datapro-backend/src/services/employee.ts:5:58)\n    at processTicksAndRejections (node:internal/process/task_queues:95:5)","payload":"unknown","code":"unknown"}
2023-10-05 13:02:18:218 [35mhttp[39m:  [96mRequest: [93mPOST [97m/api/employee [90mat [37mThu Oct 05 2023 13:02:18 GMT+0700, [90mIP: [37m::1[0m, [90mUser Agent: PostmanRuntime/7.32.3[0m 
2023-10-05 13:02:18:218 [35mhttp[39m: [95mRequest Body:[0m [97m{"name":"mam","surname":"lab","age":24}[0m 
2023-10-05 13:02:18:218 [35mhttp[39m: [95mResponse Body:[0m [97m{"status":400,"success":false,"message":"employee[0m [97mis[0m [97malready[0m [97mexist.","stack":"Error:[0m [97memployee[0m [97mis[0m [97malready[0m [97mexist.\n[0m [97m[0m [97m[0m [97m[0m [97mat[0m [97mFunction.<anonymous>[0m [97m(/Users/mammothz/Desktop/VSCode/company_test/datapro-backend/src/services/employee.ts:40:15)\n[0m [97m[0m [97m[0m [97m[0m [97mat[0m [97mGenerator.next[0m [97m(<anonymous>)\n[0m [97m[0m [97m[0m [97m[0m [97mat[0m [97mfulfilled[0m [97m(/Users/mammothz/Desktop/VSCode/company_test/datapro-backend/src/services/employee.ts:5:58)\n[0m [97m[0m [97m[0m [97m[0m [97mat[0m [97mprocessTicksAndRejections[0m [97m(node:internal/process/task_queues:95:5)"}[0m 
2023-10-05 13:02:18:218 [35mhttp[39m: [96mResponse: [33m400 [37m33.127 ms  
2023-10-05 13:02:24:224 [31merror[39m: {"status":400,"success":false,"message":"employee not found.","stack":"Error: employee not found.\n    at Function.<anonymous> (/Users/mammothz/Desktop/VSCode/company_test/datapro-backend/src/services/employee.ts:24:15)\n    at Generator.next (<anonymous>)\n    at fulfilled (/Users/mammothz/Desktop/VSCode/company_test/datapro-backend/src/services/employee.ts:5:58)\n    at processTicksAndRejections (node:internal/process/task_queues:95:5)","payload":"unknown","code":"unknown"}
2023-10-05 13:02:24:224 [35mhttp[39m:  [96mRequest: [93mGET [97m/api/employee/2 [90mat [37mThu Oct 05 2023 13:02:24 GMT+0700, [90mIP: [37m::1[0m, [90mUser Agent: PostmanRuntime/7.32.3[0m 
2023-10-05 13:02:24:224 [35mhttp[39m: [95mResponse Body:[0m [97m{"status":400,"success":false,"message":"employee[0m [97mnot[0m [97mfound.","stack":"Error:[0m [97memployee[0m [97mnot[0m [97mfound.\n[0m [97m[0m [97m[0m [97m[0m [97mat[0m [97mFunction.<anonymous>[0m [97m(/Users/mammothz/Desktop/VSCode/company_test/datapro-backend/src/services/employee.ts:24:15)\n[0m [97m[0m [97m[0m [97m[0m [97mat[0m [97mGenerator.next[0m [97m(<anonymous>)\n[0m [97m[0m [97m[0m [97m[0m [97mat[0m [97mfulfilled[0m [97m(/Users/mammothz/Desktop/VSCode/company_test/datapro-backend/src/services/employee.ts:5:58)\n[0m [97m[0m [97m[0m [97m[0m [97mat[0m [97mprocessTicksAndRejections[0m [97m(node:internal/process/task_queues:95:5)"}[0m 
2023-10-05 13:02:24:224 [35mhttp[39m: [96mResponse: [33m400 [37m18.893 ms  
2023-10-05 13:02:54:254 [32minfo[39m: Connected to mongo database successfully!
2023-10-05 13:02:54:254 [32minfo[39m: App listening on port 3000
2023-10-05 17:37:56:3756 [32minfo[39m: Connected to mongo database successfully!
2023-10-05 17:37:56:3756 [32minfo[39m: App listening on port 3000
2023-10-05 17:38:09:389 [32minfo[39m: Connected to mongo database successfully!
2023-10-05 17:38:09:389 [32minfo[39m: App listening on port 3000
2023-10-05 17:38:10:3810 [31merror[39m: {"status":400,"success":false,"message":"employee is already exist.","stack":"Error: employee is already exist.\n    at Function.<anonymous> (/Users/mammothz/Desktop/VSCode/company_test/datapro-backend/src/services/employee.ts:40:15)\n    at Generator.next (<anonymous>)\n    at fulfilled (/Users/mammothz/Desktop/VSCode/company_test/datapro-backend/src/services/employee.ts:5:58)\n    at processTicksAndRejections (node:internal/process/task_queues:95:5)","payload":"unknown","code":"unknown"}
2023-10-05 17:38:10:3810 [35mhttp[39m:  [96mRequest: [93mPOST [97m/api/employee [90mat [37mThu Oct 05 2023 17:38:10 GMT+0700, [90mIP: [37m::1[0m, [90mUser Agent: PostmanRuntime/7.32.3[0m 
2023-10-05 17:38:10:3810 [35mhttp[39m: [95mRequest Body:[0m [97m{"name":"mam","surname":"lab","age":24}[0m 
2023-10-05 17:38:10:3810 [35mhttp[39m: [95mResponse Body:[0m [97m{"status":400,"success":false,"message":"employee[0m [97mis[0m [97malready[0m [97mexist.","stack":"Error:[0m [97memployee[0m [97mis[0m [97malready[0m [97mexist.\n[0m [97m[0m [97m[0m [97m[0m [97mat[0m [97mFunction.<anonymous>[0m [97m(/Users/mammothz/Desktop/VSCode/company_test/datapro-backend/src/services/employee.ts:40:15)\n[0m [97m[0m [97m[0m [97m[0m [97mat[0m [97mGenerator.next[0m [97m(<anonymous>)\n[0m [97m[0m [97m[0m [97m[0m [97mat[0m [97mfulfilled[0m [97m(/Users/mammothz/Desktop/VSCode/company_test/datapro-backend/src/services/employee.ts:5:58)\n[0m [97m[0m [97m[0m [97m[0m [97mat[0m [97mprocessTicksAndRejections[0m [97m(node:internal/process/task_queues:95:5)"}[0m 
2023-10-05 17:38:10:3810 [35mhttp[39m: [96mResponse: [33m400 [37m35.156 ms  
2023-10-05 17:38:17:3817 [35mhttp[39m:  [96mRequest: [93mPOST [97m/api/employee [90mat [37mThu Oct 05 2023 17:38:17 GMT+0700, [90mIP: [37m::1[0m, [90mUser Agent: PostmanRuntime/7.32.3[0m 
2023-10-05 17:38:17:3817 [35mhttp[39m: [95mRequest Body:[0m [97m{"name":"aa","surname":"lab","age":24,"deletedAt":null,"id":8,"createdAt":"2023-10-05T03:38:17.246Z","updatedAt":"2023-10-05T03:38:17.246Z"}[0m 
2023-10-05 17:38:17:3817 [35mhttp[39m: [95mResponse Body:[0m [97m{"status":200,"message":"create[0m [97memployee[0m [97msuccess"}[0m 
2023-10-05 17:38:17:3817 [35mhttp[39m: [96mResponse: [32m200 [37m32.463 ms  
